{"C:\\Users\\zhang\\Desktop\\七牛云\\voice-input\\electron\\types.ts": {"path":"C:\\Users\\zhang\\Desktop\\七牛云\\voice-input\\electron\\types.ts","statementMap":{"0":{"start":{"line":30,"column":13},"end":{"line":35,"column":2}},"1":{"start":{"line":60,"column":13},"end":{"line":70,"column":2}},"2":{"start":{"line":72,"column":13},"end":{"line":95,"column":11}}},"fnMap":{},"branchMap":{},"s":{"0":2,"1":2,"2":2},"f":{},"b":{}}
,"C:\\Users\\zhang\\Desktop\\七牛云\\voice-input\\electron\\services\\cloud-asr.ts": {"path":"C:\\Users\\zhang\\Desktop\\七牛云\\voice-input\\electron\\services\\cloud-asr.ts","statementMap":{"0":{"start":{"line":15,"column":10},"end":{"line":15,"column":null}},"1":{"start":{"line":16,"column":10},"end":{"line":16,"column":null}},"2":{"start":{"line":17,"column":10},"end":{"line":17,"column":null}},"3":{"start":{"line":18,"column":10},"end":{"line":18,"column":null}},"4":{"start":{"line":19,"column":10},"end":{"line":19,"column":null}},"5":{"start":{"line":20,"column":10},"end":{"line":20,"column":33}},"6":{"start":{"line":21,"column":10},"end":{"line":21,"column":null}},"7":{"start":{"line":31,"column":4},"end":{"line":31,"column":34}},"8":{"start":{"line":32,"column":4},"end":{"line":32,"column":36}},"9":{"start":{"line":33,"column":4},"end":{"line":33,"column":38}},"10":{"start":{"line":34,"column":4},"end":{"line":34,"column":44}},"11":{"start":{"line":35,"column":4},"end":{"line":35,"column":31}},"12":{"start":{"line":36,"column":4},"end":{"line":36,"column":76}},"13":{"start":{"line":40,"column":4},"end":{"line":40,"column":27}},"14":{"start":{"line":44,"column":4},"end":{"line":44,"column":102}},"15":{"start":{"line":52,"column":4},"end":{"line":52,"column":55}},"16":{"start":{"line":52,"column":43},"end":{"line":52,"column":55}},"17":{"start":{"line":54,"column":4},"end":{"line":54,"column":29}},"18":{"start":{"line":56,"column":4},"end":{"line":69,"column":5}},"19":{"start":{"line":57,"column":6},"end":{"line":64,"column":7}},"20":{"start":{"line":59,"column":10},"end":{"line":59,"column":60}},"21":{"start":{"line":61,"column":10},"end":{"line":61,"column":61}},"22":{"start":{"line":63,"column":10},"end":{"line":63,"column":22}},"23":{"start":{"line":66,"column":6},"end":{"line":66,"column":65}},"24":{"start":{"line":67,"column":6},"end":{"line":67,"column":35}},"25":{"start":{"line":68,"column":6},"end":{"line":68,"column":18}},"26":{"start":{"line":78,"column":4},"end":{"line":78,"column":45}},"27":{"start":{"line":79,"column":4},"end":{"line":79,"column":16}},"28":{"start":{"line":87,"column":4},"end":{"line":87,"column":46}},"29":{"start":{"line":88,"column":4},"end":{"line":88,"column":16}},"30":{"start":{"line":95,"column":4},"end":{"line":95,"column":35}},"31":{"start":{"line":95,"column":23},"end":{"line":95,"column":35}},"32":{"start":{"line":97,"column":4},"end":{"line":97,"column":61}},"33":{"start":{"line":97,"column":35},"end":{"line":97,"column":59}},"34":{"start":{"line":99,"column":4},"end":{"line":99,"column":16}},"35":{"start":{"line":103,"column":4},"end":{"line":103,"column":34}},"36":{"start":{"line":107,"column":4},"end":{"line":112,"column":6}},"37":{"start":{"line":116,"column":4},"end":{"line":118,"column":5}},"38":{"start":{"line":117,"column":6},"end":{"line":117,"column":43}},"39":{"start":{"line":119,"column":4},"end":{"line":119,"column":45}},"40":{"start":{"line":123,"column":4},"end":{"line":123,"column":48}},"41":{"start":{"line":127,"column":4},"end":{"line":133,"column":7}},"42":{"start":{"line":128,"column":6},"end":{"line":132,"column":7}},"43":{"start":{"line":129,"column":8},"end":{"line":129,"column":26}},"44":{"start":{"line":131,"column":8},"end":{"line":131,"column":60}},"45":{"start":{"line":137,"column":4},"end":{"line":137,"column":27}},"46":{"start":{"line":14,"column":0},"end":{"line":14,"column":13}},"47":{"start":{"line":141,"column":13},"end":{"line":141,"column":53}}},"fnMap":{"0":{"name":"(anonymous_0)","decl":{"start":{"line":23,"column":2},"end":{"line":23,"column":17}},"loc":{"start":{"line":23,"column":2},"end":{"line":23,"column":18}}},"1":{"name":"(anonymous_1)","decl":{"start":{"line":25,"column":2},"end":{"line":25,"column":6}},"loc":{"start":{"line":30,"column":3},"end":{"line":37,"column":3}}},"2":{"name":"(anonymous_2)","decl":{"start":{"line":39,"column":2},"end":{"line":39,"column":12}},"loc":{"start":{"line":39,"column":29},"end":{"line":41,"column":3}}},"3":{"name":"(anonymous_3)","decl":{"start":{"line":43,"column":2},"end":{"line":43,"column":11}},"loc":{"start":{"line":43,"column":11},"end":{"line":45,"column":3}}},"4":{"name":"(anonymous_4)","decl":{"start":{"line":51,"column":2},"end":{"line":51,"column":7}},"loc":{"start":{"line":51,"column":46},"end":{"line":70,"column":3}}},"5":{"name":"(anonymous_5)","decl":{"start":{"line":75,"column":10},"end":{"line":75,"column":15}},"loc":{"start":{"line":75,"column":64},"end":{"line":80,"column":3}}},"6":{"name":"(anonymous_6)","decl":{"start":{"line":85,"column":10},"end":{"line":85,"column":15}},"loc":{"start":{"line":85,"column":65},"end":{"line":89,"column":3}}},"7":{"name":"(anonymous_7)","decl":{"start":{"line":94,"column":2},"end":{"line":94,"column":7}},"loc":{"start":{"line":94,"column":52},"end":{"line":100,"column":3}}},"8":{"name":"(anonymous_8)","decl":{"start":{"line":97,"column":22},"end":{"line":97,"column":23}},"loc":{"start":{"line":97,"column":35},"end":{"line":97,"column":59}}},"9":{"name":"(anonymous_9)","decl":{"start":{"line":102,"column":2},"end":{"line":102,"column":22}},"loc":{"start":{"line":102,"column":22},"end":{"line":104,"column":3}}},"10":{"name":"(anonymous_10)","decl":{"start":{"line":106,"column":2},"end":{"line":106,"column":11}},"loc":{"start":{"line":106,"column":11},"end":{"line":113,"column":3}}},"11":{"name":"(anonymous_11)","decl":{"start":{"line":115,"column":2},"end":{"line":115,"column":4}},"loc":{"start":{"line":115,"column":61},"end":{"line":120,"column":3}}},"12":{"name":"(anonymous_12)","decl":{"start":{"line":122,"column":2},"end":{"line":122,"column":5}},"loc":{"start":{"line":122,"column":62},"end":{"line":124,"column":3}}},"13":{"name":"(anonymous_13)","decl":{"start":{"line":126,"column":10},"end":{"line":126,"column":14}},"loc":{"start":{"line":126,"column":51},"end":{"line":134,"column":3}}},"14":{"name":"(anonymous_14)","decl":{"start":{"line":127,"column":39},"end":{"line":127,"column":40}},"loc":{"start":{"line":127,"column":52},"end":{"line":133,"column":5}}},"15":{"name":"(anonymous_15)","decl":{"start":{"line":136,"column":2},"end":{"line":136,"column":9}},"loc":{"start":{"line":136,"column":9},"end":{"line":138,"column":3}}}},"branchMap":{"0":{"loc":{"start":{"line":33,"column":18},"end":{"line":33,"column":37}},"type":"binary-expr","locations":[{"start":{"line":33,"column":18},"end":{"line":33,"column":31}},{"start":{"line":33,"column":35},"end":{"line":33,"column":37}}]},"1":{"loc":{"start":{"line":34,"column":21},"end":{"line":34,"column":43}},"type":"binary-expr","locations":[{"start":{"line":34,"column":21},"end":{"line":34,"column":37}},{"start":{"line":34,"column":41},"end":{"line":34,"column":43}}]},"2":{"loc":{"start":{"line":44,"column":11},"end":{"line":44,"column":101}},"type":"binary-expr","locations":[{"start":{"line":44,"column":11},"end":{"line":44,"column":23}},{"start":{"line":44,"column":27},"end":{"line":44,"column":51}},{"start":{"line":44,"column":55},"end":{"line":44,"column":101}}]},"3":{"loc":{"start":{"line":52,"column":4},"end":{"line":52,"column":55}},"type":"if","locations":[{"start":{"line":52,"column":4},"end":{"line":52,"column":55}}]},"4":{"loc":{"start":{"line":52,"column":8},"end":{"line":52,"column":41}},"type":"binary-expr","locations":[{"start":{"line":52,"column":8},"end":{"line":52,"column":25}},{"start":{"line":52,"column":29},"end":{"line":52,"column":41}}]},"5":{"loc":{"start":{"line":57,"column":6},"end":{"line":64,"column":7}},"type":"switch","locations":[{"start":{"line":58,"column":8},"end":{"line":59,"column":60}},{"start":{"line":60,"column":8},"end":{"line":61,"column":61}},{"start":{"line":62,"column":8},"end":{"line":63,"column":22}}]},"6":{"loc":{"start":{"line":95,"column":4},"end":{"line":95,"column":35}},"type":"if","locations":[{"start":{"line":95,"column":4},"end":{"line":95,"column":35}}]},"7":{"loc":{"start":{"line":116,"column":4},"end":{"line":118,"column":5}},"type":"if","locations":[{"start":{"line":116,"column":4},"end":{"line":118,"column":5}}]}},"s":{"0":12,"1":12,"2":12,"3":12,"4":12,"5":12,"6":12,"7":10,"8":10,"9":10,"10":10,"11":10,"12":10,"13":2,"14":7,"15":4,"16":3,"17":1,"18":1,"19":1,"20":1,"21":0,"22":0,"23":0,"24":0,"25":0,"26":1,"27":1,"28":0,"29":0,"30":0,"31":0,"32":0,"33":0,"34":0,"35":2,"36":3,"37":1,"38":1,"39":1,"40":0,"41":10,"42":1,"43":1,"44":0,"45":11,"46":1,"47":1},"f":{"0":12,"1":10,"2":2,"3":7,"4":4,"5":1,"6":0,"7":0,"8":0,"9":2,"10":3,"11":1,"12":0,"13":10,"14":1,"15":11},"b":{"0":[10,9],"1":[10,10],"2":[7,4,4],"3":[3],"4":[4,3],"5":[1,0,0],"6":[0],"7":[1]}}
,"C:\\Users\\zhang\\Desktop\\七牛云\\voice-input\\electron\\services\\hotword-manager.ts": {"path":"C:\\Users\\zhang\\Desktop\\七牛云\\voice-input\\electron\\services\\hotword-manager.ts","statementMap":{"0":{"start":{"line":1,"column":0},"end":{"line":1,"column":25}},"1":{"start":{"line":2,"column":0},"end":{"line":2,"column":29}},"2":{"start":{"line":4,"column":0},"end":{"line":4,"column":36}},"3":{"start":{"line":17,"column":10},"end":{"line":17,"column":null}},"4":{"start":{"line":18,"column":10},"end":{"line":18,"column":null}},"5":{"start":{"line":19,"column":10},"end":{"line":19,"column":null}},"6":{"start":{"line":22,"column":16},"end":{"line":22,"column":74}},"7":{"start":{"line":23,"column":4},"end":{"line":25,"column":5}},"8":{"start":{"line":24,"column":6},"end":{"line":24,"column":45}},"9":{"start":{"line":26,"column":4},"end":{"line":26,"column":55}},"10":{"start":{"line":27,"column":4},"end":{"line":27,"column":16}},"11":{"start":{"line":28,"column":4},"end":{"line":28,"column":28}},"12":{"start":{"line":32,"column":20},"end":{"line":35,"column":64}},"13":{"start":{"line":36,"column":4},"end":{"line":36,"column":45}},"14":{"start":{"line":43,"column":21},"end":{"line":43,"column":42}},"15":{"start":{"line":44,"column":4},"end":{"line":50,"column":5}},"16":{"start":{"line":45,"column":6},"end":{"line":45,"column":58}},"17":{"start":{"line":46,"column":6},"end":{"line":46,"column":55}},"18":{"start":{"line":46,"column":22},"end":{"line":46,"column":55}},"19":{"start":{"line":47,"column":6},"end":{"line":47,"column":28}},"20":{"start":{"line":48,"column":6},"end":{"line":48,"column":18}},"21":{"start":{"line":49,"column":6},"end":{"line":49,"column":22}},"22":{"start":{"line":52,"column":29},"end":{"line":59,"column":6}},"23":{"start":{"line":61,"column":4},"end":{"line":61,"column":43}},"24":{"start":{"line":62,"column":4},"end":{"line":62,"column":16}},"25":{"start":{"line":63,"column":4},"end":{"line":63,"column":19}},"26":{"start":{"line":67,"column":20},"end":{"line":67,"column":44}},"27":{"start":{"line":68,"column":4},"end":{"line":68,"column":29}},"28":{"start":{"line":68,"column":17},"end":{"line":68,"column":29}},"29":{"start":{"line":69,"column":4},"end":{"line":69,"column":19}},"30":{"start":{"line":73,"column":20},"end":{"line":73,"column":41}},"31":{"start":{"line":74,"column":4},"end":{"line":74,"column":30}},"32":{"start":{"line":74,"column":18},"end":{"line":74,"column":30}},"33":{"start":{"line":76,"column":4},"end":{"line":76,"column":64}},"34":{"start":{"line":76,"column":36},"end":{"line":76,"column":64}},"35":{"start":{"line":77,"column":4},"end":{"line":77,"column":97}},"36":{"start":{"line":77,"column":38},"end":{"line":77,"column":97}},"37":{"start":{"line":78,"column":4},"end":{"line":78,"column":82}},"38":{"start":{"line":78,"column":42},"end":{"line":78,"column":82}},"39":{"start":{"line":80,"column":4},"end":{"line":80,"column":16}},"40":{"start":{"line":81,"column":4},"end":{"line":81,"column":19}},"41":{"start":{"line":85,"column":4},"end":{"line":86,"column":43}},"42":{"start":{"line":86,"column":22},"end":{"line":86,"column":41}},"43":{"start":{"line":90,"column":4},"end":{"line":90,"column":33}},"44":{"start":{"line":94,"column":4},"end":{"line":96,"column":6}},"45":{"start":{"line":95,"column":13},"end":{"line":95,"column":28}},"46":{"start":{"line":102,"column":20},"end":{"line":102,"column":41}},"47":{"start":{"line":103,"column":4},"end":{"line":106,"column":5}},"48":{"start":{"line":104,"column":6},"end":{"line":104,"column":25}},"49":{"start":{"line":105,"column":6},"end":{"line":105,"column":18}},"50":{"start":{"line":110,"column":4},"end":{"line":112,"column":23}},"51":{"start":{"line":111,"column":22},"end":{"line":111,"column":45}},"52":{"start":{"line":121,"column":4},"end":{"line":123,"column":26}},"53":{"start":{"line":122,"column":21},"end":{"line":122,"column":33}},"54":{"start":{"line":123,"column":18},"end":{"line":123,"column":24}},"55":{"start":{"line":130,"column":16},"end":{"line":130,"column":41}},"56":{"start":{"line":131,"column":4},"end":{"line":135,"column":7}},"57":{"start":{"line":132,"column":6},"end":{"line":134,"column":7}},"58":{"start":{"line":133,"column":8},"end":{"line":133,"column":38}},"59":{"start":{"line":136,"column":4},"end":{"line":136,"column":15}},"60":{"start":{"line":143,"column":17},"end":{"line":143,"column":21}},"61":{"start":{"line":144,"column":4},"end":{"line":148,"column":7}},"62":{"start":{"line":145,"column":6},"end":{"line":147,"column":7}},"63":{"start":{"line":146,"column":8},"end":{"line":146,"column":110}},"64":{"start":{"line":149,"column":4},"end":{"line":149,"column":18}},"65":{"start":{"line":155,"column":4},"end":{"line":169,"column":5}},"66":{"start":{"line":156,"column":6},"end":{"line":166,"column":7}},"67":{"start":{"line":157,"column":21},"end":{"line":157,"column":63}},"68":{"start":{"line":158,"column":33},"end":{"line":158,"column":49}},"69":{"start":{"line":159,"column":8},"end":{"line":159,"column":30}},"70":{"start":{"line":160,"column":8},"end":{"line":164,"column":11}},"71":{"start":{"line":161,"column":10},"end":{"line":163,"column":11}},"72":{"start":{"line":162,"column":12},"end":{"line":162,"column":45}},"73":{"start":{"line":165,"column":8},"end":{"line":165,"column":70}},"74":{"start":{"line":168,"column":6},"end":{"line":168,"column":71}},"75":{"start":{"line":173,"column":4},"end":{"line":182,"column":5}},"76":{"start":{"line":174,"column":19},"end":{"line":174,"column":57}},"77":{"start":{"line":175,"column":18},"end":{"line":175,"column":48}},"78":{"start":{"line":176,"column":6},"end":{"line":178,"column":7}},"79":{"start":{"line":177,"column":8},"end":{"line":177,"column":47}},"80":{"start":{"line":179,"column":6},"end":{"line":179,"column":56}},"81":{"start":{"line":181,"column":6},"end":{"line":181,"column":72}},"82":{"start":{"line":186,"column":4},"end":{"line":188,"column":15}},"83":{"start":{"line":192,"column":4},"end":{"line":192,"column":26}},"84":{"start":{"line":193,"column":4},"end":{"line":193,"column":16}},"85":{"start":{"line":197,"column":4},"end":{"line":200,"column":5}},"86":{"start":{"line":198,"column":6},"end":{"line":198,"column":39}},"87":{"start":{"line":199,"column":6},"end":{"line":199,"column":31}},"88":{"start":{"line":201,"column":4},"end":{"line":201,"column":16}},"89":{"start":{"line":16,"column":0},"end":{"line":16,"column":13}}},"fnMap":{"0":{"name":"(anonymous_9)","decl":{"start":{"line":21,"column":2},"end":{"line":21,"column":14}},"loc":{"start":{"line":21,"column":33},"end":{"line":29,"column":3}}},"1":{"name":"(anonymous_10)","decl":{"start":{"line":31,"column":10},"end":{"line":31,"column":24}},"loc":{"start":{"line":31,"column":24},"end":{"line":37,"column":3}}},"2":{"name":"(anonymous_11)","decl":{"start":{"line":41,"column":2},"end":{"line":41,"column":5}},"loc":{"start":{"line":41,"column":59},"end":{"line":64,"column":3}}},"3":{"name":"(anonymous_12)","decl":{"start":{"line":66,"column":2},"end":{"line":66,"column":8}},"loc":{"start":{"line":66,"column":19},"end":{"line":70,"column":3}}},"4":{"name":"(anonymous_13)","decl":{"start":{"line":72,"column":2},"end":{"line":72,"column":8}},"loc":{"start":{"line":72,"column":86},"end":{"line":82,"column":3}}},"5":{"name":"(anonymous_14)","decl":{"start":{"line":84,"column":2},"end":{"line":84,"column":8}},"loc":{"start":{"line":84,"column":8},"end":{"line":87,"column":3}}},"6":{"name":"(anonymous_15)","decl":{"start":{"line":86,"column":12},"end":{"line":86,"column":13}},"loc":{"start":{"line":86,"column":22},"end":{"line":86,"column":41}}},"7":{"name":"(anonymous_16)","decl":{"start":{"line":89,"column":2},"end":{"line":89,"column":5}},"loc":{"start":{"line":89,"column":16},"end":{"line":91,"column":3}}},"8":{"name":"(anonymous_17)","decl":{"start":{"line":93,"column":2},"end":{"line":93,"column":12}},"loc":{"start":{"line":93,"column":25},"end":{"line":97,"column":3}}},"9":{"name":"(anonymous_18)","decl":{"start":{"line":95,"column":6},"end":{"line":95,"column":7}},"loc":{"start":{"line":95,"column":13},"end":{"line":95,"column":28}}},"10":{"name":"(anonymous_19)","decl":{"start":{"line":101,"column":2},"end":{"line":101,"column":14}},"loc":{"start":{"line":101,"column":25},"end":{"line":107,"column":3}}},"11":{"name":"(anonymous_20)","decl":{"start":{"line":109,"column":2},"end":{"line":109,"column":16}},"loc":{"start":{"line":109,"column":35},"end":{"line":113,"column":3}}},"12":{"name":"(anonymous_21)","decl":{"start":{"line":111,"column":12},"end":{"line":111,"column":13}},"loc":{"start":{"line":111,"column":22},"end":{"line":111,"column":45}}},"13":{"name":"(anonymous_22)","decl":{"start":{"line":120,"column":2},"end":{"line":120,"column":22}},"loc":{"start":{"line":120,"column":22},"end":{"line":124,"column":3}}},"14":{"name":"(anonymous_23)","decl":{"start":{"line":122,"column":14},"end":{"line":122,"column":15}},"loc":{"start":{"line":122,"column":21},"end":{"line":122,"column":33}}},"15":{"name":"(anonymous_24)","decl":{"start":{"line":123,"column":11},"end":{"line":123,"column":12}},"loc":{"start":{"line":123,"column":18},"end":{"line":123,"column":24}}},"16":{"name":"(anonymous_25)","decl":{"start":{"line":129,"column":2},"end":{"line":129,"column":18}},"loc":{"start":{"line":129,"column":18},"end":{"line":137,"column":3}}},"17":{"name":"(anonymous_26)","decl":{"start":{"line":131,"column":26},"end":{"line":131,"column":27}},"loc":{"start":{"line":131,"column":32},"end":{"line":135,"column":5}}},"18":{"name":"(anonymous_27)","decl":{"start":{"line":142,"column":2},"end":{"line":142,"column":18}},"loc":{"start":{"line":142,"column":31},"end":{"line":150,"column":3}}},"19":{"name":"(anonymous_28)","decl":{"start":{"line":144,"column":26},"end":{"line":144,"column":27}},"loc":{"start":{"line":144,"column":32},"end":{"line":148,"column":5}}},"20":{"name":"(anonymous_29)","decl":{"start":{"line":154,"column":10},"end":{"line":154,"column":14}},"loc":{"start":{"line":154,"column":14},"end":{"line":170,"column":3}}},"21":{"name":"(anonymous_30)","decl":{"start":{"line":160,"column":22},"end":{"line":160,"column":23}},"loc":{"start":{"line":160,"column":31},"end":{"line":164,"column":9}}},"22":{"name":"(anonymous_31)","decl":{"start":{"line":172,"column":10},"end":{"line":172,"column":14}},"loc":{"start":{"line":172,"column":14},"end":{"line":183,"column":3}}},"23":{"name":"(anonymous_32)","decl":{"start":{"line":185,"column":10},"end":{"line":185,"column":26}},"loc":{"start":{"line":185,"column":26},"end":{"line":189,"column":3}}},"24":{"name":"(anonymous_33)","decl":{"start":{"line":186,"column":36},"end":{"line":186,"column":39}},"loc":{"start":{"line":186,"column":41},"end":{"line":188,"column":5}}},"25":{"name":"(anonymous_34)","decl":{"start":{"line":191,"column":2},"end":{"line":191,"column":7}},"loc":{"start":{"line":191,"column":7},"end":{"line":194,"column":3}}},"26":{"name":"(anonymous_35)","decl":{"start":{"line":196,"column":2},"end":{"line":196,"column":9}},"loc":{"start":{"line":196,"column":9},"end":{"line":202,"column":3}}}},"branchMap":{"0":{"loc":{"start":{"line":22,"column":16},"end":{"line":22,"column":74}},"type":"binary-expr","locations":[{"start":{"line":22,"column":16},"end":{"line":22,"column":26}},{"start":{"line":22,"column":30},"end":{"line":22,"column":74}}]},"1":{"loc":{"start":{"line":23,"column":4},"end":{"line":25,"column":5}},"type":"if","locations":[{"start":{"line":23,"column":4},"end":{"line":25,"column":5}}]},"2":{"loc":{"start":{"line":32,"column":20},"end":{"line":35,"column":64}},"type":"binary-expr","locations":[{"start":{"line":32,"column":20},"end":{"line":32,"column":39}},{"start":{"line":33,"column":7},"end":{"line":35,"column":63}}]},"3":{"loc":{"start":{"line":33,"column":7},"end":{"line":35,"column":63}},"type":"cond-expr","locations":[{"start":{"line":34,"column":10},"end":{"line":34,"column":78}},{"start":{"line":35,"column":10},"end":{"line":35,"column":63}}]},"4":{"loc":{"start":{"line":41,"column":20},"end":{"line":41,"column":38}},"type":"default-arg","locations":[{"start":{"line":41,"column":37},"end":{"line":41,"column":38}}]},"5":{"loc":{"start":{"line":44,"column":4},"end":{"line":50,"column":5}},"type":"if","locations":[{"start":{"line":44,"column":4},"end":{"line":50,"column":5}}]},"6":{"loc":{"start":{"line":46,"column":6},"end":{"line":46,"column":55}},"type":"if","locations":[{"start":{"line":46,"column":6},"end":{"line":46,"column":55}}]},"7":{"loc":{"start":{"line":68,"column":4},"end":{"line":68,"column":29}},"type":"if","locations":[{"start":{"line":68,"column":4},"end":{"line":68,"column":29}}]},"8":{"loc":{"start":{"line":74,"column":4},"end":{"line":74,"column":30}},"type":"if","locations":[{"start":{"line":74,"column":4},"end":{"line":74,"column":30}}]},"9":{"loc":{"start":{"line":76,"column":4},"end":{"line":76,"column":64}},"type":"if","locations":[{"start":{"line":76,"column":4},"end":{"line":76,"column":64}}]},"10":{"loc":{"start":{"line":77,"column":4},"end":{"line":77,"column":97}},"type":"if","locations":[{"start":{"line":77,"column":4},"end":{"line":77,"column":97}}]},"11":{"loc":{"start":{"line":78,"column":4},"end":{"line":78,"column":82}},"type":"if","locations":[{"start":{"line":78,"column":4},"end":{"line":78,"column":82}}]},"12":{"loc":{"start":{"line":103,"column":4},"end":{"line":106,"column":5}},"type":"if","locations":[{"start":{"line":103,"column":4},"end":{"line":106,"column":5}}]},"13":{"loc":{"start":{"line":109,"column":17},"end":{"line":109,"column":35}},"type":"default-arg","locations":[{"start":{"line":109,"column":33},"end":{"line":109,"column":35}}]},"14":{"loc":{"start":{"line":132,"column":6},"end":{"line":134,"column":7}},"type":"if","locations":[{"start":{"line":132,"column":6},"end":{"line":134,"column":7}}]},"15":{"loc":{"start":{"line":145,"column":6},"end":{"line":147,"column":7}},"type":"if","locations":[{"start":{"line":145,"column":6},"end":{"line":147,"column":7}}]},"16":{"loc":{"start":{"line":145,"column":10},"end":{"line":145,"column":49}},"type":"binary-expr","locations":[{"start":{"line":145,"column":10},"end":{"line":145,"column":22}},{"start":{"line":145,"column":26},"end":{"line":145,"column":49}}]},"17":{"loc":{"start":{"line":156,"column":6},"end":{"line":166,"column":7}},"type":"if","locations":[{"start":{"line":156,"column":6},"end":{"line":166,"column":7}}]},"18":{"loc":{"start":{"line":161,"column":10},"end":{"line":163,"column":11}},"type":"if","locations":[{"start":{"line":161,"column":10},"end":{"line":163,"column":11}}]},"19":{"loc":{"start":{"line":161,"column":14},"end":{"line":161,"column":34}},"type":"binary-expr","locations":[{"start":{"line":161,"column":14},"end":{"line":161,"column":21}},{"start":{"line":161,"column":25},"end":{"line":161,"column":34}}]},"20":{"loc":{"start":{"line":176,"column":6},"end":{"line":178,"column":7}},"type":"if","locations":[{"start":{"line":176,"column":6},"end":{"line":178,"column":7}}]},"21":{"loc":{"start":{"line":197,"column":4},"end":{"line":200,"column":5}},"type":"if","locations":[{"start":{"line":197,"column":4},"end":{"line":200,"column":5}}]}},"s":{"0":2,"1":2,"2":2,"3":26,"4":26,"5":26,"6":26,"7":26,"8":25,"9":26,"10":26,"11":26,"12":0,"13":0,"14":29,"15":29,"16":1,"17":1,"18":0,"19":1,"20":1,"21":1,"22":28,"23":28,"24":28,"25":28,"26":2,"27":2,"28":1,"29":2,"30":3,"31":3,"32":1,"33":2,"34":0,"35":2,"36":1,"37":2,"38":1,"39":2,"40":2,"41":71,"42":34,"43":6,"44":30,"45":12,"46":6,"47":6,"48":6,"49":6,"50":1,"51":1,"52":1,"53":3,"54":2,"55":1,"56":1,"57":2,"58":1,"59":1,"60":5,"61":5,"62":5,"63":4,"64":5,"65":26,"66":26,"67":1,"68":1,"69":1,"70":1,"71":1,"72":1,"73":1,"74":0,"75":65,"76":65,"77":65,"78":65,"79":0,"80":65,"81":0,"82":26,"83":1,"84":1,"85":26,"86":26,"87":26,"88":26,"89":2},"f":{"0":26,"1":0,"2":29,"3":2,"4":3,"5":71,"6":34,"7":6,"8":30,"9":12,"10":6,"11":1,"12":1,"13":1,"14":3,"15":2,"16":1,"17":2,"18":5,"19":5,"20":26,"21":1,"22":65,"23":26,"24":0,"25":1,"26":26},"b":{"0":[26,0],"1":[25],"2":[0,0],"3":[0,0],"4":[1],"5":[1],"6":[0],"7":[1],"8":[1],"9":[0],"10":[1],"11":[1],"12":[6],"13":[0],"14":[1],"15":[4],"16":[5,4],"17":[1],"18":[1],"19":[1,1],"20":[0],"21":[26]}}
,"C:\\Users\\zhang\\Desktop\\七牛云\\voice-input\\electron\\services\\punctuation.ts": {"path":"C:\\Users\\zhang\\Desktop\\七牛云\\voice-input\\electron\\services\\punctuation.ts","statementMap":{"0":{"start":{"line":14,"column":10},"end":{"line":14,"column":null}},"1":{"start":{"line":17,"column":10},"end":{"line":23,"column":null}},"2":{"start":{"line":26,"column":10},"end":{"line":31,"column":null}},"3":{"start":{"line":34,"column":10},"end":{"line":37,"column":null}},"4":{"start":{"line":43,"column":4},"end":{"line":43,"column":43}},"5":{"start":{"line":43,"column":31},"end":{"line":43,"column":43}},"6":{"start":{"line":45,"column":17},"end":{"line":45,"column":28}},"7":{"start":{"line":48,"column":4},"end":{"line":48,"column":46}},"8":{"start":{"line":51,"column":4},"end":{"line":51,"column":47}},"9":{"start":{"line":53,"column":4},"end":{"line":53,"column":18}},"10":{"start":{"line":60,"column":45},"end":{"line":87,"column":6}},"11":{"start":{"line":89,"column":4},"end":{"line":91,"column":5}},"12":{"start":{"line":90,"column":6},"end":{"line":90,"column":48}},"13":{"start":{"line":93,"column":4},"end":{"line":93,"column":16}},"14":{"start":{"line":101,"column":4},"end":{"line":103,"column":5}},"15":{"start":{"line":102,"column":6},"end":{"line":102,"column":18}},"16":{"start":{"line":106,"column":23},"end":{"line":109,"column":24}},"17":{"start":{"line":106,"column":58},"end":{"line":106,"column":74}},"18":{"start":{"line":112,"column":26},"end":{"line":113,"column":25}},"19":{"start":{"line":115,"column":4},"end":{"line":121,"column":5}},"20":{"start":{"line":116,"column":6},"end":{"line":116,"column":24}},"21":{"start":{"line":117,"column":11},"end":{"line":121,"column":5}},"22":{"start":{"line":118,"column":6},"end":{"line":118,"column":24}},"23":{"start":{"line":120,"column":6},"end":{"line":120,"column":24}},"24":{"start":{"line":129,"column":4},"end":{"line":129,"column":43}},"25":{"start":{"line":129,"column":31},"end":{"line":129,"column":43}},"26":{"start":{"line":131,"column":17},"end":{"line":131,"column":21}},"27":{"start":{"line":134,"column":4},"end":{"line":134,"column":46}},"28":{"start":{"line":137,"column":22},"end":{"line":137,"column":53}},"29":{"start":{"line":138,"column":23},"end":{"line":138,"column":62}},"30":{"start":{"line":138,"column":44},"end":{"line":138,"column":61}},"31":{"start":{"line":139,"column":4},"end":{"line":139,"column":33}},"32":{"start":{"line":142,"column":4},"end":{"line":142,"column":47}},"33":{"start":{"line":143,"column":4},"end":{"line":143,"column":40}},"34":{"start":{"line":144,"column":4},"end":{"line":144,"column":40}},"35":{"start":{"line":145,"column":4},"end":{"line":145,"column":55}},"36":{"start":{"line":145,"column":49},"end":{"line":145,"column":53}},"37":{"start":{"line":147,"column":4},"end":{"line":147,"column":18}},"38":{"start":{"line":155,"column":28},"end":{"line":155,"column":30}},"39":{"start":{"line":156,"column":18},"end":{"line":156,"column":20}},"40":{"start":{"line":157,"column":12},"end":{"line":157,"column":13}},"41":{"start":{"line":159,"column":4},"end":{"line":172,"column":5}},"42":{"start":{"line":160,"column":6},"end":{"line":160,"column":25}},"43":{"start":{"line":163,"column":25},"end":{"line":163,"column":81}},"44":{"start":{"line":163,"column":61},"end":{"line":163,"column":80}},"45":{"start":{"line":164,"column":6},"end":{"line":169,"column":7}},"46":{"start":{"line":166,"column":25},"end":{"line":166,"column":61}},"47":{"start":{"line":167,"column":8},"end":{"line":167,"column":29}},"48":{"start":{"line":168,"column":8},"end":{"line":168,"column":29}},"49":{"start":{"line":171,"column":6},"end":{"line":171,"column":10}},"50":{"start":{"line":174,"column":4},"end":{"line":176,"column":5}},"51":{"start":{"line":175,"column":6},"end":{"line":175,"column":26}},"52":{"start":{"line":178,"column":4},"end":{"line":178,"column":45}},"53":{"start":{"line":186,"column":17},"end":{"line":186,"column":21}},"54":{"start":{"line":191,"column":4},"end":{"line":191,"column":53}},"55":{"start":{"line":192,"column":4},"end":{"line":192,"column":46}},"56":{"start":{"line":195,"column":4},"end":{"line":195,"column":47}},"57":{"start":{"line":197,"column":4},"end":{"line":197,"column":18}},"58":{"start":{"line":204,"column":4},"end":{"line":204,"column":25}},"59":{"start":{"line":204,"column":15},"end":{"line":204,"column":25}},"60":{"start":{"line":205,"column":17},"end":{"line":205,"column":21}},"61":{"start":{"line":206,"column":4},"end":{"line":206,"column":46}},"62":{"start":{"line":207,"column":4},"end":{"line":207,"column":40}},"63":{"start":{"line":208,"column":4},"end":{"line":208,"column":47}},"64":{"start":{"line":209,"column":4},"end":{"line":209,"column":18}},"65":{"start":{"line":12,"column":0},"end":{"line":12,"column":13}},"66":{"start":{"line":214,"column":13},"end":{"line":214,"column":59}}},"fnMap":{"0":{"name":"(anonymous_0)","decl":{"start":{"line":12,"column":0},"end":{"line":12,"column":13}},"loc":{"start":{"line":12,"column":0},"end":{"line":211,"column":1}}},"1":{"name":"(anonymous_1)","decl":{"start":{"line":42,"column":2},"end":{"line":42,"column":11}},"loc":{"start":{"line":42,"column":24},"end":{"line":54,"column":3}}},"2":{"name":"(anonymous_2)","decl":{"start":{"line":59,"column":10},"end":{"line":59,"column":29}},"loc":{"start":{"line":59,"column":42},"end":{"line":94,"column":3}}},"3":{"name":"(anonymous_3)","decl":{"start":{"line":99,"column":10},"end":{"line":99,"column":30}},"loc":{"start":{"line":99,"column":43},"end":{"line":122,"column":3}}},"4":{"name":"(anonymous_4)","decl":{"start":{"line":106,"column":51},"end":{"line":106,"column":52}},"loc":{"start":{"line":106,"column":58},"end":{"line":106,"column":74}}},"5":{"name":"(anonymous_5)","decl":{"start":{"line":128,"column":2},"end":{"line":128,"column":20}},"loc":{"start":{"line":128,"column":33},"end":{"line":148,"column":3}}},"6":{"name":"(anonymous_6)","decl":{"start":{"line":138,"column":37},"end":{"line":138,"column":38}},"loc":{"start":{"line":138,"column":44},"end":{"line":138,"column":61}}},"7":{"name":"(anonymous_7)","decl":{"start":{"line":145,"column":42},"end":{"line":145,"column":43}},"loc":{"start":{"line":145,"column":49},"end":{"line":145,"column":53}}},"8":{"name":"(anonymous_8)","decl":{"start":{"line":153,"column":10},"end":{"line":153,"column":28}},"loc":{"start":{"line":153,"column":41},"end":{"line":179,"column":3}}},"9":{"name":"(anonymous_9)","decl":{"start":{"line":163,"column":54},"end":{"line":163,"column":55}},"loc":{"start":{"line":163,"column":61},"end":{"line":163,"column":80}}},"10":{"name":"(anonymous_10)","decl":{"start":{"line":185,"column":2},"end":{"line":185,"column":15}},"loc":{"start":{"line":185,"column":28},"end":{"line":198,"column":3}}},"11":{"name":"(anonymous_11)","decl":{"start":{"line":203,"column":2},"end":{"line":203,"column":9}},"loc":{"start":{"line":203,"column":22},"end":{"line":210,"column":3}}}},"branchMap":{"0":{"loc":{"start":{"line":43,"column":4},"end":{"line":43,"column":43}},"type":"if","locations":[{"start":{"line":43,"column":4},"end":{"line":43,"column":43}}]},"1":{"loc":{"start":{"line":43,"column":8},"end":{"line":43,"column":29}},"type":"binary-expr","locations":[{"start":{"line":43,"column":8},"end":{"line":43,"column":13}},{"start":{"line":43,"column":17},"end":{"line":43,"column":29}}]},"2":{"loc":{"start":{"line":101,"column":4},"end":{"line":103,"column":5}},"type":"if","locations":[{"start":{"line":101,"column":4},"end":{"line":103,"column":5}}]},"3":{"loc":{"start":{"line":106,"column":23},"end":{"line":109,"column":24}},"type":"binary-expr","locations":[{"start":{"line":106,"column":23},"end":{"line":106,"column":75}},{"start":{"line":107,"column":6},"end":{"line":107,"column":66}},{"start":{"line":108,"column":6},"end":{"line":108,"column":21}},{"start":{"line":109,"column":6},"end":{"line":109,"column":24}}]},"4":{"loc":{"start":{"line":112,"column":26},"end":{"line":113,"column":25}},"type":"binary-expr","locations":[{"start":{"line":112,"column":26},"end":{"line":112,"column":68}},{"start":{"line":113,"column":6},"end":{"line":113,"column":25}}]},"5":{"loc":{"start":{"line":115,"column":4},"end":{"line":121,"column":5}},"type":"if","locations":[{"start":{"line":115,"column":4},"end":{"line":121,"column":5}},{"start":{"line":117,"column":11},"end":{"line":121,"column":5}}]},"6":{"loc":{"start":{"line":117,"column":11},"end":{"line":121,"column":5}},"type":"if","locations":[{"start":{"line":117,"column":11},"end":{"line":121,"column":5}},{"start":{"line":119,"column":11},"end":{"line":121,"column":5}}]},"7":{"loc":{"start":{"line":129,"column":4},"end":{"line":129,"column":43}},"type":"if","locations":[{"start":{"line":129,"column":4},"end":{"line":129,"column":43}}]},"8":{"loc":{"start":{"line":129,"column":8},"end":{"line":129,"column":29}},"type":"binary-expr","locations":[{"start":{"line":129,"column":8},"end":{"line":129,"column":13}},{"start":{"line":129,"column":17},"end":{"line":129,"column":29}}]},"9":{"loc":{"start":{"line":164,"column":6},"end":{"line":169,"column":7}},"type":"if","locations":[{"start":{"line":164,"column":6},"end":{"line":169,"column":7}}]},"10":{"loc":{"start":{"line":164,"column":10},"end":{"line":164,"column":62}},"type":"binary-expr","locations":[{"start":{"line":164,"column":10},"end":{"line":164,"column":20}},{"start":{"line":164,"column":24},"end":{"line":164,"column":62}}]},"11":{"loc":{"start":{"line":174,"column":4},"end":{"line":176,"column":5}},"type":"if","locations":[{"start":{"line":174,"column":4},"end":{"line":176,"column":5}}]},"12":{"loc":{"start":{"line":178,"column":11},"end":{"line":178,"column":44}},"type":"cond-expr","locations":[{"start":{"line":178,"column":30},"end":{"line":178,"column":35}},{"start":{"line":178,"column":38},"end":{"line":178,"column":44}}]},"13":{"loc":{"start":{"line":204,"column":4},"end":{"line":204,"column":25}},"type":"if","locations":[{"start":{"line":204,"column":4},"end":{"line":204,"column":25}}]}},"s":{"0":5,"1":5,"2":5,"3":5,"4":5,"5":0,"6":5,"7":5,"8":5,"9":5,"10":40,"11":40,"12":1000,"13":40,"14":38,"15":9,"16":29,"17":372,"18":29,"19":29,"20":6,"21":23,"22":3,"23":20,"24":3,"25":1,"26":2,"27":2,"28":2,"29":2,"30":3,"31":2,"32":2,"33":2,"34":2,"35":2,"36":0,"37":2,"38":2,"39":2,"40":2,"41":2,"42":27,"43":27,"44":781,"45":27,"46":1,"47":1,"48":1,"49":27,"50":2,"51":2,"52":2,"53":35,"54":35,"55":35,"56":35,"57":35,"58":35,"59":2,"60":33,"61":33,"62":33,"63":33,"64":33,"65":2,"66":2},"f":{"0":5,"1":5,"2":40,"3":38,"4":372,"5":3,"6":3,"7":0,"8":2,"9":781,"10":35,"11":35},"b":{"0":[0],"1":[5,5],"2":[9],"3":[29,26,23,23],"4":[29,26],"5":[6,23],"6":[3,20],"7":[1],"8":[3,2],"9":[1],"10":[27,1],"11":[2],"12":[2,0],"13":[2]}}
,"C:\\Users\\zhang\\Desktop\\七牛云\\voice-input\\electron\\services\\vad-service.ts": {"path":"C:\\Users\\zhang\\Desktop\\七牛云\\voice-input\\electron\\services\\vad-service.ts","statementMap":{"0":{"start":{"line":1,"column":0},"end":{"line":1,"column":67}},"1":{"start":{"line":13,"column":10},"end":{"line":13,"column":null}},"2":{"start":{"line":14,"column":10},"end":{"line":14,"column":null}},"3":{"start":{"line":15,"column":10},"end":{"line":15,"column":null}},"4":{"start":{"line":16,"column":10},"end":{"line":16,"column":null}},"5":{"start":{"line":17,"column":10},"end":{"line":17,"column":null}},"6":{"start":{"line":18,"column":10},"end":{"line":18,"column":null}},"7":{"start":{"line":19,"column":10},"end":{"line":19,"column":null}},"8":{"start":{"line":22,"column":10},"end":{"line":22,"column":null}},"9":{"start":{"line":23,"column":10},"end":{"line":23,"column":null}},"10":{"start":{"line":24,"column":10},"end":{"line":24,"column":null}},"11":{"start":{"line":27,"column":4},"end":{"line":27,"column":55}},"12":{"start":{"line":31,"column":4},"end":{"line":31,"column":48}},"13":{"start":{"line":35,"column":4},"end":{"line":35,"column":30}},"14":{"start":{"line":39,"column":4},"end":{"line":39,"column":25}},"15":{"start":{"line":40,"column":4},"end":{"line":40,"column":24}},"16":{"start":{"line":41,"column":4},"end":{"line":41,"column":27}},"17":{"start":{"line":42,"column":4},"end":{"line":42,"column":28}},"18":{"start":{"line":43,"column":4},"end":{"line":43,"column":26}},"19":{"start":{"line":44,"column":4},"end":{"line":44,"column":28}},"20":{"start":{"line":45,"column":4},"end":{"line":45,"column":24}},"21":{"start":{"line":46,"column":4},"end":{"line":46,"column":30}},"22":{"start":{"line":50,"column":4},"end":{"line":50,"column":26}},"23":{"start":{"line":51,"column":4},"end":{"line":51,"column":26}},"24":{"start":{"line":60,"column":4},"end":{"line":60,"column":42}},"25":{"start":{"line":60,"column":24},"end":{"line":60,"column":42}},"26":{"start":{"line":62,"column":19},"end":{"line":62,"column":51}},"27":{"start":{"line":63,"column":22},"end":{"line":63,"column":49}},"28":{"start":{"line":66,"column":4},"end":{"line":66,"column":55}},"29":{"start":{"line":69,"column":4},"end":{"line":81,"column":5}},"30":{"start":{"line":70,"column":6},"end":{"line":70,"column":38}},"31":{"start":{"line":71,"column":6},"end":{"line":71,"column":30}},"32":{"start":{"line":72,"column":6},"end":{"line":75,"column":7}},"33":{"start":{"line":73,"column":8},"end":{"line":73,"column":100}},"34":{"start":{"line":73,"column":62},"end":{"line":73,"column":67}},"35":{"start":{"line":74,"column":8},"end":{"line":74,"column":32}},"36":{"start":{"line":78,"column":6},"end":{"line":80,"column":7}},"37":{"start":{"line":79,"column":8},"end":{"line":79,"column":65}},"38":{"start":{"line":83,"column":21},"end":{"line":83,"column":39}},"39":{"start":{"line":85,"column":4},"end":{"line":118,"column":5}},"40":{"start":{"line":87,"column":8},"end":{"line":93,"column":9}},"41":{"start":{"line":88,"column":22},"end":{"line":88,"column":32}},"42":{"start":{"line":89,"column":10},"end":{"line":89,"column":35}},"43":{"start":{"line":90,"column":10},"end":{"line":90,"column":36}},"44":{"start":{"line":91,"column":10},"end":{"line":91,"column":36}},"45":{"start":{"line":92,"column":10},"end":{"line":92,"column":35}},"46":{"start":{"line":94,"column":8},"end":{"line":94,"column":14}},"47":{"start":{"line":97,"column":8},"end":{"line":107,"column":9}},"48":{"start":{"line":98,"column":10},"end":{"line":98,"column":43}},"49":{"start":{"line":99,"column":10},"end":{"line":99,"column":32}},"50":{"start":{"line":100,"column":15},"end":{"line":107,"column":9}},"51":{"start":{"line":101,"column":10},"end":{"line":106,"column":11}},"52":{"start":{"line":102,"column":12},"end":{"line":102,"column":43}},"53":{"start":{"line":103,"column":17},"end":{"line":106,"column":11}},"54":{"start":{"line":104,"column":12},"end":{"line":104,"column":46}},"55":{"start":{"line":105,"column":12},"end":{"line":105,"column":35}},"56":{"start":{"line":108,"column":8},"end":{"line":108,"column":14}},"57":{"start":{"line":111,"column":8},"end":{"line":116,"column":9}},"58":{"start":{"line":112,"column":10},"end":{"line":112,"column":43}},"59":{"start":{"line":113,"column":10},"end":{"line":113,"column":32}},"60":{"start":{"line":114,"column":10},"end":{"line":114,"column":36}},"61":{"start":{"line":115,"column":10},"end":{"line":115,"column":35}},"62":{"start":{"line":117,"column":8},"end":{"line":117,"column":14}},"63":{"start":{"line":120,"column":4},"end":{"line":120,"column":22}},"64":{"start":{"line":124,"column":21},"end":{"line":124,"column":22}},"65":{"start":{"line":125,"column":24},"end":{"line":125,"column":25}},"66":{"start":{"line":127,"column":4},"end":{"line":132,"column":5}},"67":{"start":{"line":127,"column":17},"end":{"line":127,"column":18}},"68":{"start":{"line":128,"column":6},"end":{"line":128,"column":44}},"69":{"start":{"line":129,"column":6},"end":{"line":131,"column":7}},"70":{"start":{"line":130,"column":8},"end":{"line":130,"column":24}},"71":{"start":{"line":134,"column":16},"end":{"line":134,"column":54}},"72":{"start":{"line":135,"column":16},"end":{"line":135,"column":46}},"73":{"start":{"line":138,"column":25},"end":{"line":138,"column":46}},"74":{"start":{"line":140,"column":4},"end":{"line":140,"column":30}},"75":{"start":{"line":144,"column":26},"end":{"line":144,"column":47}},"76":{"start":{"line":145,"column":26},"end":{"line":145,"column":47}},"77":{"start":{"line":147,"column":4},"end":{"line":147,"column":56}},"78":{"start":{"line":151,"column":4},"end":{"line":154,"column":5}},"79":{"start":{"line":152,"column":6},"end":{"line":152,"column":28}},"80":{"start":{"line":153,"column":6},"end":{"line":153,"column":41}},"81":{"start":{"line":158,"column":4},"end":{"line":158,"column":22}},"82":{"start":{"line":162,"column":4},"end":{"line":162,"column":40}},"83":{"start":{"line":162,"column":31},"end":{"line":162,"column":40}},"84":{"start":{"line":163,"column":4},"end":{"line":163,"column":43}},"85":{"start":{"line":167,"column":4},"end":{"line":167,"column":27}},"86":{"start":{"line":171,"column":4},"end":{"line":173,"column":5}},"87":{"start":{"line":172,"column":6},"end":{"line":172,"column":43}},"88":{"start":{"line":174,"column":4},"end":{"line":174,"column":45}},"89":{"start":{"line":178,"column":4},"end":{"line":178,"column":48}},"90":{"start":{"line":182,"column":4},"end":{"line":188,"column":7}},"91":{"start":{"line":183,"column":6},"end":{"line":187,"column":7}},"92":{"start":{"line":184,"column":8},"end":{"line":184,"column":26}},"93":{"start":{"line":186,"column":8},"end":{"line":186,"column":55}},"94":{"start":{"line":192,"column":4},"end":{"line":192,"column":26}},"95":{"start":{"line":193,"column":4},"end":{"line":193,"column":27}},"96":{"start":{"line":12,"column":0},"end":{"line":12,"column":13}}},"fnMap":{"0":{"name":"(anonymous_0)","decl":{"start":{"line":26,"column":2},"end":{"line":26,"column":14}},"loc":{"start":{"line":26,"column":45},"end":{"line":28,"column":3}}},"1":{"name":"(anonymous_1)","decl":{"start":{"line":30,"column":2},"end":{"line":30,"column":11}},"loc":{"start":{"line":30,"column":38},"end":{"line":32,"column":3}}},"2":{"name":"(anonymous_2)","decl":{"start":{"line":34,"column":2},"end":{"line":34,"column":11}},"loc":{"start":{"line":34,"column":11},"end":{"line":36,"column":3}}},"3":{"name":"(anonymous_3)","decl":{"start":{"line":38,"column":2},"end":{"line":38,"column":7}},"loc":{"start":{"line":38,"column":7},"end":{"line":47,"column":3}}},"4":{"name":"(anonymous_4)","decl":{"start":{"line":49,"column":2},"end":{"line":49,"column":6}},"loc":{"start":{"line":49,"column":6},"end":{"line":52,"column":3}}},"5":{"name":"(anonymous_5)","decl":{"start":{"line":59,"column":2},"end":{"line":59,"column":14}},"loc":{"start":{"line":59,"column":39},"end":{"line":121,"column":3}}},"6":{"name":"(anonymous_6)","decl":{"start":{"line":73,"column":52},"end":{"line":73,"column":53}},"loc":{"start":{"line":73,"column":62},"end":{"line":73,"column":67}}},"7":{"name":"(anonymous_7)","decl":{"start":{"line":123,"column":10},"end":{"line":123,"column":25}},"loc":{"start":{"line":123,"column":47},"end":{"line":141,"column":3}}},"8":{"name":"(anonymous_8)","decl":{"start":{"line":143,"column":10},"end":{"line":143,"column":30}},"loc":{"start":{"line":143,"column":30},"end":{"line":148,"column":3}}},"9":{"name":"(anonymous_9)","decl":{"start":{"line":150,"column":10},"end":{"line":150,"column":18}},"loc":{"start":{"line":150,"column":37},"end":{"line":155,"column":3}}},"10":{"name":"(anonymous_10)","decl":{"start":{"line":157,"column":2},"end":{"line":157,"column":10}},"loc":{"start":{"line":157,"column":10},"end":{"line":159,"column":3}}},"11":{"name":"(anonymous_11)","decl":{"start":{"line":161,"column":2},"end":{"line":161,"column":21}},"loc":{"start":{"line":161,"column":21},"end":{"line":164,"column":3}}},"12":{"name":"(anonymous_12)","decl":{"start":{"line":166,"column":2},"end":{"line":166,"column":15}},"loc":{"start":{"line":166,"column":15},"end":{"line":168,"column":3}}},"13":{"name":"(anonymous_13)","decl":{"start":{"line":170,"column":2},"end":{"line":170,"column":4}},"loc":{"start":{"line":170,"column":56},"end":{"line":175,"column":3}}},"14":{"name":"(anonymous_14)","decl":{"start":{"line":177,"column":2},"end":{"line":177,"column":5}},"loc":{"start":{"line":177,"column":57},"end":{"line":179,"column":3}}},"15":{"name":"(anonymous_15)","decl":{"start":{"line":181,"column":10},"end":{"line":181,"column":14}},"loc":{"start":{"line":181,"column":46},"end":{"line":189,"column":3}}},"16":{"name":"(anonymous_16)","decl":{"start":{"line":182,"column":39},"end":{"line":182,"column":40}},"loc":{"start":{"line":182,"column":52},"end":{"line":188,"column":5}}},"17":{"name":"(anonymous_17)","decl":{"start":{"line":191,"column":2},"end":{"line":191,"column":9}},"loc":{"start":{"line":191,"column":9},"end":{"line":194,"column":3}}}},"branchMap":{"0":{"loc":{"start":{"line":26,"column":14},"end":{"line":26,"column":45}},"type":"default-arg","locations":[{"start":{"line":26,"column":43},"end":{"line":26,"column":45}}]},"1":{"loc":{"start":{"line":60,"column":4},"end":{"line":60,"column":42}},"type":"if","locations":[{"start":{"line":60,"column":4},"end":{"line":60,"column":42}}]},"2":{"loc":{"start":{"line":69,"column":4},"end":{"line":81,"column":5}},"type":"if","locations":[{"start":{"line":69,"column":4},"end":{"line":81,"column":5}},{"start":{"line":76,"column":11},"end":{"line":81,"column":5}}]},"3":{"loc":{"start":{"line":72,"column":6},"end":{"line":75,"column":7}},"type":"if","locations":[{"start":{"line":72,"column":6},"end":{"line":75,"column":7}}]},"4":{"loc":{"start":{"line":78,"column":6},"end":{"line":80,"column":7}},"type":"if","locations":[{"start":{"line":78,"column":6},"end":{"line":80,"column":7}}]},"5":{"loc":{"start":{"line":85,"column":4},"end":{"line":118,"column":5}},"type":"switch","locations":[{"start":{"line":86,"column":6},"end":{"line":94,"column":14}},{"start":{"line":96,"column":6},"end":{"line":108,"column":14}},{"start":{"line":110,"column":6},"end":{"line":117,"column":14}}]},"6":{"loc":{"start":{"line":87,"column":8},"end":{"line":93,"column":9}},"type":"if","locations":[{"start":{"line":87,"column":8},"end":{"line":93,"column":9}}]},"7":{"loc":{"start":{"line":97,"column":8},"end":{"line":107,"column":9}},"type":"if","locations":[{"start":{"line":97,"column":8},"end":{"line":107,"column":9}},{"start":{"line":100,"column":15},"end":{"line":107,"column":9}}]},"8":{"loc":{"start":{"line":100,"column":15},"end":{"line":107,"column":9}},"type":"if","locations":[{"start":{"line":100,"column":15},"end":{"line":107,"column":9}}]},"9":{"loc":{"start":{"line":101,"column":10},"end":{"line":106,"column":11}},"type":"if","locations":[{"start":{"line":101,"column":10},"end":{"line":106,"column":11}},{"start":{"line":103,"column":17},"end":{"line":106,"column":11}}]},"10":{"loc":{"start":{"line":103,"column":17},"end":{"line":106,"column":11}},"type":"if","locations":[{"start":{"line":103,"column":17},"end":{"line":106,"column":11}}]},"11":{"loc":{"start":{"line":111,"column":8},"end":{"line":116,"column":9}},"type":"if","locations":[{"start":{"line":111,"column":8},"end":{"line":116,"column":9}}]},"12":{"loc":{"start":{"line":129,"column":6},"end":{"line":131,"column":7}},"type":"if","locations":[{"start":{"line":129,"column":6},"end":{"line":131,"column":7}}]},"13":{"loc":{"start":{"line":129,"column":10},"end":{"line":129,"column":70}},"type":"binary-expr","locations":[{"start":{"line":129,"column":10},"end":{"line":129,"column":15}},{"start":{"line":129,"column":19},"end":{"line":129,"column":70}}]},"14":{"loc":{"start":{"line":138,"column":25},"end":{"line":138,"column":46}},"type":"cond-expr","locations":[{"start":{"line":138,"column":37},"end":{"line":138,"column":40}},{"start":{"line":138,"column":43},"end":{"line":138,"column":46}}]},"15":{"loc":{"start":{"line":151,"column":4},"end":{"line":154,"column":5}},"type":"if","locations":[{"start":{"line":151,"column":4},"end":{"line":154,"column":5}}]},"16":{"loc":{"start":{"line":162,"column":4},"end":{"line":162,"column":40}},"type":"if","locations":[{"start":{"line":162,"column":4},"end":{"line":162,"column":40}}]},"17":{"loc":{"start":{"line":171,"column":4},"end":{"line":173,"column":5}},"type":"if","locations":[{"start":{"line":171,"column":4},"end":{"line":173,"column":5}}]}},"s":{"0":2,"1":20,"2":20,"3":20,"4":20,"5":20,"6":20,"7":20,"8":20,"9":20,"10":20,"11":20,"12":2,"13":1,"14":19,"15":19,"16":19,"17":19,"18":19,"19":19,"20":19,"21":19,"22":1,"23":1,"24":583,"25":2,"26":581,"27":581,"28":581,"29":581,"30":469,"31":469,"32":469,"33":2,"34":400,"35":2,"36":112,"37":111,"38":581,"39":581,"40":557,"41":9,"42":9,"43":9,"44":9,"45":9,"46":557,"47":23,"48":9,"49":9,"50":14,"51":12,"52":4,"53":8,"54":4,"55":4,"56":23,"57":1,"58":1,"59":1,"60":1,"61":1,"62":1,"63":581,"64":581,"65":581,"66":581,"67":581,"68":296960,"69":296960,"70":134563,"71":581,"72":581,"73":581,"74":581,"75":581,"76":581,"77":581,"78":15,"79":14,"80":14,"81":9,"82":0,"83":0,"84":0,"85":1,"86":4,"87":4,"88":4,"89":0,"90":609,"91":4,"92":4,"93":0,"94":20,"95":20,"96":2},"f":{"0":20,"1":2,"2":1,"3":19,"4":1,"5":583,"6":400,"7":581,"8":581,"9":15,"10":9,"11":0,"12":1,"13":4,"14":0,"15":609,"16":4,"17":20},"b":{"0":[1],"1":[2],"2":[469,112],"3":[2],"4":[111],"5":[557,23,1],"6":[9],"7":[9,14],"8":[12],"9":[4,8],"10":[4],"11":[1],"12":[134563],"13":[296960,296380],"14":[526,55],"15":[14],"16":[0],"17":[4]}}
,"C:\\Users\\zhang\\Desktop\\七牛云\\voice-input\\electron\\services\\vosk-service.ts": {"path":"C:\\Users\\zhang\\Desktop\\七牛云\\voice-input\\electron\\services\\vosk-service.ts","statementMap":{"0":{"start":{"line":1,"column":0},"end":{"line":1,"column":29}},"1":{"start":{"line":2,"column":0},"end":{"line":2,"column":25}},"2":{"start":{"line":20,"column":10},"end":{"line":20,"column":null}},"3":{"start":{"line":21,"column":10},"end":{"line":21,"column":null}},"4":{"start":{"line":22,"column":10},"end":{"line":22,"column":null}},"5":{"start":{"line":23,"column":10},"end":{"line":23,"column":null}},"6":{"start":{"line":24,"column":10},"end":{"line":24,"column":null}},"7":{"start":{"line":25,"column":10},"end":{"line":25,"column":null}},"8":{"start":{"line":26,"column":10},"end":{"line":26,"column":null}},"9":{"start":{"line":27,"column":10},"end":{"line":27,"column":null}},"10":{"start":{"line":28,"column":10},"end":{"line":28,"column":null}},"11":{"start":{"line":29,"column":10},"end":{"line":29,"column":null}},"12":{"start":{"line":30,"column":10},"end":{"line":30,"column":null}},"13":{"start":{"line":33,"column":21},"end":{"line":33,"column":63}},"14":{"start":{"line":34,"column":4},"end":{"line":34,"column":82}},"15":{"start":{"line":35,"column":4},"end":{"line":35,"column":50}},"16":{"start":{"line":39,"column":4},"end":{"line":49,"column":5}},"17":{"start":{"line":40,"column":6},"end":{"line":40,"column":34}},"18":{"start":{"line":41,"column":6},"end":{"line":41,"column":28}},"19":{"start":{"line":42,"column":6},"end":{"line":42,"column":29}},"20":{"start":{"line":43,"column":6},"end":{"line":43,"column":18}},"21":{"start":{"line":45,"column":6},"end":{"line":45,"column":84}},"22":{"start":{"line":46,"column":6},"end":{"line":46,"column":29}},"23":{"start":{"line":47,"column":6},"end":{"line":47,"column":68}},"24":{"start":{"line":48,"column":6},"end":{"line":48,"column":19}},"25":{"start":{"line":53,"column":4},"end":{"line":53,"column":27}},"26":{"start":{"line":53,"column":20},"end":{"line":53,"column":27}},"27":{"start":{"line":55,"column":20},"end":{"line":55,"column":43}},"28":{"start":{"line":56,"column":4},"end":{"line":59,"column":5}},"29":{"start":{"line":57,"column":6},"end":{"line":57,"column":44}},"30":{"start":{"line":58,"column":6},"end":{"line":58,"column":33}},"31":{"start":{"line":61,"column":4},"end":{"line":72,"column":5}},"32":{"start":{"line":62,"column":6},"end":{"line":62,"column":50}},"33":{"start":{"line":63,"column":6},"end":{"line":63,"column":27}},"34":{"start":{"line":64,"column":6},"end":{"line":64,"column":47}},"35":{"start":{"line":65,"column":6},"end":{"line":65,"column":28}},"36":{"start":{"line":66,"column":6},"end":{"line":66,"column":62}},"37":{"start":{"line":68,"column":6},"end":{"line":68,"column":62}},"38":{"start":{"line":69,"column":6},"end":{"line":69,"column":28}},"39":{"start":{"line":70,"column":6},"end":{"line":70,"column":29}},"40":{"start":{"line":71,"column":6},"end":{"line":71,"column":62}},"41":{"start":{"line":76,"column":24},"end":{"line":81,"column":6}},"42":{"start":{"line":83,"column":4},"end":{"line":90,"column":5}},"43":{"start":{"line":84,"column":6},"end":{"line":89,"column":7}},"44":{"start":{"line":85,"column":23},"end":{"line":85,"column":41}},"45":{"start":{"line":86,"column":8},"end":{"line":88,"column":9}},"46":{"start":{"line":87,"column":10},"end":{"line":87,"column":19}},"47":{"start":{"line":91,"column":4},"end":{"line":91,"column":16}},"48":{"start":{"line":95,"column":4},"end":{"line":95,"column":42}},"49":{"start":{"line":95,"column":35},"end":{"line":95,"column":42}},"50":{"start":{"line":97,"column":4},"end":{"line":111,"column":5}},"51":{"start":{"line":98,"column":26},"end":{"line":101,"column":8}},"52":{"start":{"line":103,"column":6},"end":{"line":105,"column":7}},"53":{"start":{"line":104,"column":8},"end":{"line":104,"column":43}},"54":{"start":{"line":107,"column":6},"end":{"line":107,"column":57}},"55":{"start":{"line":108,"column":6},"end":{"line":108,"column":37}},"56":{"start":{"line":110,"column":6},"end":{"line":110,"column":64}},"57":{"start":{"line":115,"column":4},"end":{"line":118,"column":5}},"58":{"start":{"line":116,"column":6},"end":{"line":116,"column":34}},"59":{"start":{"line":117,"column":6},"end":{"line":117,"column":13}},"60":{"start":{"line":119,"column":4},"end":{"line":119,"column":30}},"61":{"start":{"line":120,"column":4},"end":{"line":120,"column":28}},"62":{"start":{"line":124,"column":4},"end":{"line":124,"column":31}},"63":{"start":{"line":125,"column":4},"end":{"line":125,"column":52}},"64":{"start":{"line":125,"column":26},"end":{"line":125,"column":52}},"65":{"start":{"line":127,"column":4},"end":{"line":137,"column":5}},"66":{"start":{"line":128,"column":21},"end":{"line":128,"column":50}},"67":{"start":{"line":129,"column":19},"end":{"line":129,"column":43}},"68":{"start":{"line":131,"column":6},"end":{"line":131,"column":30}},"69":{"start":{"line":132,"column":6},"end":{"line":132,"column":30}},"70":{"start":{"line":133,"column":6},"end":{"line":133,"column":40}},"71":{"start":{"line":135,"column":6},"end":{"line":135,"column":43}},"72":{"start":{"line":136,"column":6},"end":{"line":136,"column":32}},"73":{"start":{"line":141,"column":4},"end":{"line":141,"column":56}},"74":{"start":{"line":141,"column":49},"end":{"line":141,"column":56}},"75":{"start":{"line":143,"column":4},"end":{"line":162,"column":5}},"76":{"start":{"line":144,"column":21},"end":{"line":144,"column":57}},"77":{"start":{"line":145,"column":6},"end":{"line":159,"column":7}},"78":{"start":{"line":146,"column":23},"end":{"line":146,"column":47}},"79":{"start":{"line":147,"column":21},"end":{"line":147,"column":45}},"80":{"start":{"line":148,"column":8},"end":{"line":151,"column":9}},"81":{"start":{"line":149,"column":10},"end":{"line":149,"column":35}},"82":{"start":{"line":150,"column":10},"end":{"line":150,"column":34}},"83":{"start":{"line":153,"column":24},"end":{"line":153,"column":55}},"84":{"start":{"line":154,"column":21},"end":{"line":154,"column":47}},"85":{"start":{"line":155,"column":8},"end":{"line":158,"column":9}},"86":{"start":{"line":156,"column":10},"end":{"line":156,"column":36}},"87":{"start":{"line":157,"column":10},"end":{"line":157,"column":37}},"88":{"start":{"line":166,"column":4},"end":{"line":171,"column":5}},"89":{"start":{"line":167,"column":21},"end":{"line":167,"column":77}},"90":{"start":{"line":168,"column":6},"end":{"line":168,"column":31}},"91":{"start":{"line":170,"column":6},"end":{"line":170,"column":34}},"92":{"start":{"line":175,"column":4},"end":{"line":180,"column":5}},"93":{"start":{"line":176,"column":21},"end":{"line":176,"column":80}},"94":{"start":{"line":177,"column":6},"end":{"line":177,"column":34}},"95":{"start":{"line":179,"column":6},"end":{"line":179,"column":35}},"96":{"start":{"line":184,"column":4},"end":{"line":184,"column":30}},"97":{"start":{"line":185,"column":4},"end":{"line":188,"column":5}},"98":{"start":{"line":186,"column":6},"end":{"line":186,"column":30}},"99":{"start":{"line":187,"column":6},"end":{"line":187,"column":28}},"100":{"start":{"line":192,"column":4},"end":{"line":192,"column":43}},"101":{"start":{"line":200,"column":4},"end":{"line":204,"column":6}},"102":{"start":{"line":208,"column":4},"end":{"line":210,"column":5}},"103":{"start":{"line":209,"column":6},"end":{"line":209,"column":43}},"104":{"start":{"line":211,"column":4},"end":{"line":211,"column":45}},"105":{"start":{"line":215,"column":4},"end":{"line":215,"column":48}},"106":{"start":{"line":219,"column":4},"end":{"line":225,"column":7}},"107":{"start":{"line":220,"column":6},"end":{"line":224,"column":7}},"108":{"start":{"line":221,"column":8},"end":{"line":221,"column":26}},"109":{"start":{"line":223,"column":8},"end":{"line":223,"column":56}},"110":{"start":{"line":229,"column":4},"end":{"line":229,"column":31}},"111":{"start":{"line":230,"column":4},"end":{"line":235,"column":5}},"112":{"start":{"line":231,"column":6},"end":{"line":233,"column":20}},"113":{"start":{"line":232,"column":8},"end":{"line":232,"column":31}},"114":{"start":{"line":234,"column":6},"end":{"line":234,"column":29}},"115":{"start":{"line":236,"column":4},"end":{"line":241,"column":5}},"116":{"start":{"line":237,"column":6},"end":{"line":239,"column":20}},"117":{"start":{"line":238,"column":8},"end":{"line":238,"column":26}},"118":{"start":{"line":240,"column":6},"end":{"line":240,"column":24}},"119":{"start":{"line":242,"column":4},"end":{"line":242,"column":27}},"120":{"start":{"line":243,"column":4},"end":{"line":243,"column":26}},"121":{"start":{"line":19,"column":0},"end":{"line":19,"column":13}}},"fnMap":{"0":{"name":"(anonymous_9)","decl":{"start":{"line":32,"column":2},"end":{"line":32,"column":14}},"loc":{"start":{"line":32,"column":45},"end":{"line":36,"column":3}}},"1":{"name":"(anonymous_10)","decl":{"start":{"line":38,"column":2},"end":{"line":38,"column":7}},"loc":{"start":{"line":38,"column":12},"end":{"line":50,"column":3}}},"2":{"name":"(anonymous_11)","decl":{"start":{"line":52,"column":10},"end":{"line":52,"column":15}},"loc":{"start":{"line":52,"column":25},"end":{"line":73,"column":3}}},"3":{"name":"(anonymous_12)","decl":{"start":{"line":75,"column":10},"end":{"line":75,"column":26}},"loc":{"start":{"line":75,"column":26},"end":{"line":92,"column":3}}},"4":{"name":"(anonymous_13)","decl":{"start":{"line":94,"column":10},"end":{"line":94,"column":24}},"loc":{"start":{"line":94,"column":24},"end":{"line":112,"column":3}}},"5":{"name":"(anonymous_14)","decl":{"start":{"line":114,"column":2},"end":{"line":114,"column":7}},"loc":{"start":{"line":114,"column":7},"end":{"line":121,"column":3}}},"6":{"name":"(anonymous_15)","decl":{"start":{"line":123,"column":2},"end":{"line":123,"column":6}},"loc":{"start":{"line":123,"column":6},"end":{"line":138,"column":3}}},"7":{"name":"(anonymous_16)","decl":{"start":{"line":140,"column":2},"end":{"line":140,"column":11}},"loc":{"start":{"line":140,"column":30},"end":{"line":163,"column":3}}},"8":{"name":"(anonymous_17)","decl":{"start":{"line":165,"column":10},"end":{"line":165,"column":21}},"loc":{"start":{"line":165,"column":33},"end":{"line":172,"column":3}}},"9":{"name":"(anonymous_18)","decl":{"start":{"line":174,"column":10},"end":{"line":174,"column":22}},"loc":{"start":{"line":174,"column":35},"end":{"line":181,"column":3}}},"10":{"name":"(anonymous_19)","decl":{"start":{"line":183,"column":2},"end":{"line":183,"column":13}},"loc":{"start":{"line":183,"column":29},"end":{"line":189,"column":3}}},"11":{"name":"(anonymous_20)","decl":{"start":{"line":191,"column":2},"end":{"line":191,"column":13}},"loc":{"start":{"line":191,"column":13},"end":{"line":193,"column":3}}},"12":{"name":"(anonymous_21)","decl":{"start":{"line":199,"column":2},"end":{"line":199,"column":11}},"loc":{"start":{"line":199,"column":11},"end":{"line":205,"column":3}}},"13":{"name":"(anonymous_22)","decl":{"start":{"line":207,"column":2},"end":{"line":207,"column":4}},"loc":{"start":{"line":207,"column":63},"end":{"line":212,"column":3}}},"14":{"name":"(anonymous_23)","decl":{"start":{"line":214,"column":2},"end":{"line":214,"column":5}},"loc":{"start":{"line":214,"column":64},"end":{"line":216,"column":3}}},"15":{"name":"(anonymous_24)","decl":{"start":{"line":218,"column":10},"end":{"line":218,"column":14}},"loc":{"start":{"line":218,"column":53},"end":{"line":226,"column":3}}},"16":{"name":"(anonymous_25)","decl":{"start":{"line":219,"column":39},"end":{"line":219,"column":40}},"loc":{"start":{"line":219,"column":52},"end":{"line":225,"column":5}}},"17":{"name":"(anonymous_26)","decl":{"start":{"line":228,"column":2},"end":{"line":228,"column":9}},"loc":{"start":{"line":228,"column":9},"end":{"line":244,"column":3}}}},"branchMap":{"0":{"loc":{"start":{"line":32,"column":14},"end":{"line":32,"column":45}},"type":"default-arg","locations":[{"start":{"line":32,"column":43},"end":{"line":32,"column":45}}]},"1":{"loc":{"start":{"line":34,"column":21},"end":{"line":34,"column":81}},"type":"binary-expr","locations":[{"start":{"line":34,"column":21},"end":{"line":34,"column":38}},{"start":{"line":34,"column":42},"end":{"line":34,"column":69}},{"start":{"line":34,"column":73},"end":{"line":34,"column":81}}]},"2":{"loc":{"start":{"line":35,"column":22},"end":{"line":35,"column":49}},"type":"binary-expr","locations":[{"start":{"line":35,"column":22},"end":{"line":35,"column":40}},{"start":{"line":35,"column":44},"end":{"line":35,"column":49}}]},"3":{"loc":{"start":{"line":53,"column":4},"end":{"line":53,"column":27}},"type":"if","locations":[{"start":{"line":53,"column":4},"end":{"line":53,"column":27}}]},"4":{"loc":{"start":{"line":56,"column":4},"end":{"line":59,"column":5}},"type":"if","locations":[{"start":{"line":56,"column":4},"end":{"line":59,"column":5}}]},"5":{"loc":{"start":{"line":80,"column":16},"end":{"line":80,"column":43}},"type":"binary-expr","locations":[{"start":{"line":80,"column":16},"end":{"line":80,"column":37}},{"start":{"line":80,"column":41},"end":{"line":80,"column":43}}]},"6":{"loc":{"start":{"line":84,"column":6},"end":{"line":89,"column":7}},"type":"if","locations":[{"start":{"line":84,"column":6},"end":{"line":89,"column":7}}]},"7":{"loc":{"start":{"line":84,"column":10},"end":{"line":84,"column":58}},"type":"binary-expr","locations":[{"start":{"line":84,"column":10},"end":{"line":84,"column":26}},{"start":{"line":84,"column":30},"end":{"line":84,"column":58}}]},"8":{"loc":{"start":{"line":86,"column":8},"end":{"line":88,"column":9}},"type":"if","locations":[{"start":{"line":86,"column":8},"end":{"line":88,"column":9}}]},"9":{"loc":{"start":{"line":86,"column":12},"end":{"line":86,"column":86}},"type":"binary-expr","locations":[{"start":{"line":86,"column":12},"end":{"line":86,"column":33}},{"start":{"line":86,"column":37},"end":{"line":86,"column":86}}]},"10":{"loc":{"start":{"line":95,"column":4},"end":{"line":95,"column":42}},"type":"if","locations":[{"start":{"line":95,"column":4},"end":{"line":95,"column":42}}]},"11":{"loc":{"start":{"line":95,"column":8},"end":{"line":95,"column":33}},"type":"binary-expr","locations":[{"start":{"line":95,"column":8},"end":{"line":95,"column":19}},{"start":{"line":95,"column":23},"end":{"line":95,"column":33}}]},"12":{"loc":{"start":{"line":103,"column":6},"end":{"line":105,"column":7}},"type":"if","locations":[{"start":{"line":103,"column":6},"end":{"line":105,"column":7}}]},"13":{"loc":{"start":{"line":115,"column":4},"end":{"line":118,"column":5}},"type":"if","locations":[{"start":{"line":115,"column":4},"end":{"line":118,"column":5}}]},"14":{"loc":{"start":{"line":115,"column":8},"end":{"line":115,"column":42}},"type":"binary-expr","locations":[{"start":{"line":115,"column":8},"end":{"line":115,"column":24}},{"start":{"line":115,"column":28},"end":{"line":115,"column":42}}]},"15":{"loc":{"start":{"line":125,"column":4},"end":{"line":125,"column":52}},"type":"if","locations":[{"start":{"line":125,"column":4},"end":{"line":125,"column":52}}]},"16":{"loc":{"start":{"line":133,"column":13},"end":{"line":133,"column":39}},"type":"binary-expr","locations":[{"start":{"line":133,"column":13},"end":{"line":133,"column":17}},{"start":{"line":133,"column":21},"end":{"line":133,"column":39}}]},"17":{"loc":{"start":{"line":141,"column":4},"end":{"line":141,"column":56}},"type":"if","locations":[{"start":{"line":141,"column":4},"end":{"line":141,"column":56}}]},"18":{"loc":{"start":{"line":141,"column":8},"end":{"line":141,"column":47}},"type":"binary-expr","locations":[{"start":{"line":141,"column":8},"end":{"line":141,"column":27}},{"start":{"line":141,"column":31},"end":{"line":141,"column":47}}]},"19":{"loc":{"start":{"line":145,"column":6},"end":{"line":159,"column":7}},"type":"if","locations":[{"start":{"line":145,"column":6},"end":{"line":159,"column":7}},{"start":{"line":152,"column":13},"end":{"line":159,"column":7}}]},"20":{"loc":{"start":{"line":148,"column":8},"end":{"line":151,"column":9}},"type":"if","locations":[{"start":{"line":148,"column":8},"end":{"line":151,"column":9}}]},"21":{"loc":{"start":{"line":155,"column":8},"end":{"line":158,"column":9}},"type":"if","locations":[{"start":{"line":155,"column":8},"end":{"line":158,"column":9}}]},"22":{"loc":{"start":{"line":155,"column":12},"end":{"line":155,"column":47}},"type":"binary-expr","locations":[{"start":{"line":155,"column":12},"end":{"line":155,"column":16}},{"start":{"line":155,"column":20},"end":{"line":155,"column":47}}]},"23":{"loc":{"start":{"line":167,"column":21},"end":{"line":167,"column":77}},"type":"cond-expr","locations":[{"start":{"line":167,"column":50},"end":{"line":167,"column":68}},{"start":{"line":167,"column":71},"end":{"line":167,"column":77}}]},"24":{"loc":{"start":{"line":168,"column":13},"end":{"line":168,"column":30}},"type":"binary-expr","locations":[{"start":{"line":168,"column":13},"end":{"line":168,"column":24}},{"start":{"line":168,"column":28},"end":{"line":168,"column":30}}]},"25":{"loc":{"start":{"line":170,"column":20},"end":{"line":170,"column":32}},"type":"binary-expr","locations":[{"start":{"line":170,"column":20},"end":{"line":170,"column":26}},{"start":{"line":170,"column":30},"end":{"line":170,"column":32}}]},"26":{"loc":{"start":{"line":176,"column":21},"end":{"line":176,"column":80}},"type":"cond-expr","locations":[{"start":{"line":176,"column":51},"end":{"line":176,"column":70}},{"start":{"line":176,"column":73},"end":{"line":176,"column":80}}]},"27":{"loc":{"start":{"line":177,"column":13},"end":{"line":177,"column":33}},"type":"binary-expr","locations":[{"start":{"line":177,"column":13},"end":{"line":177,"column":27}},{"start":{"line":177,"column":31},"end":{"line":177,"column":33}}]},"28":{"loc":{"start":{"line":179,"column":20},"end":{"line":179,"column":33}},"type":"binary-expr","locations":[{"start":{"line":179,"column":20},"end":{"line":179,"column":27}},{"start":{"line":179,"column":31},"end":{"line":179,"column":33}}]},"29":{"loc":{"start":{"line":185,"column":4},"end":{"line":188,"column":5}},"type":"if","locations":[{"start":{"line":185,"column":4},"end":{"line":188,"column":5}}]},"30":{"loc":{"start":{"line":192,"column":11},"end":{"line":192,"column":42}},"type":"binary-expr","locations":[{"start":{"line":192,"column":11},"end":{"line":192,"column":25}},{"start":{"line":192,"column":29},"end":{"line":192,"column":42}}]},"31":{"loc":{"start":{"line":201,"column":12},"end":{"line":201,"column":49}},"type":"cond-expr","locations":[{"start":{"line":201,"column":29},"end":{"line":201,"column":35}},{"start":{"line":201,"column":38},"end":{"line":201,"column":49}}]},"32":{"loc":{"start":{"line":208,"column":4},"end":{"line":210,"column":5}},"type":"if","locations":[{"start":{"line":208,"column":4},"end":{"line":210,"column":5}}]},"33":{"loc":{"start":{"line":230,"column":4},"end":{"line":235,"column":5}},"type":"if","locations":[{"start":{"line":230,"column":4},"end":{"line":235,"column":5}}]},"34":{"loc":{"start":{"line":236,"column":4},"end":{"line":241,"column":5}},"type":"if","locations":[{"start":{"line":236,"column":4},"end":{"line":241,"column":5}}]}},"s":{"0":1,"1":1,"2":9,"3":9,"4":9,"5":9,"6":9,"7":9,"8":9,"9":9,"10":9,"11":9,"12":9,"13":9,"14":9,"15":9,"16":9,"17":9,"18":0,"19":0,"20":0,"21":9,"22":9,"23":9,"24":9,"25":0,"26":0,"27":0,"28":0,"29":0,"30":0,"31":0,"32":0,"33":0,"34":0,"35":0,"36":0,"37":0,"38":0,"39":0,"40":0,"41":0,"42":0,"43":0,"44":0,"45":0,"46":0,"47":0,"48":0,"49":0,"50":0,"51":0,"52":0,"53":0,"54":0,"55":0,"56":0,"57":2,"58":2,"59":2,"60":0,"61":0,"62":1,"63":1,"64":1,"65":0,"66":0,"67":0,"68":0,"69":0,"70":0,"71":0,"72":0,"73":1,"74":1,"75":0,"76":0,"77":0,"78":0,"79":0,"80":0,"81":0,"82":0,"83":0,"84":0,"85":0,"86":0,"87":0,"88":0,"89":0,"90":0,"91":0,"92":0,"93":0,"94":0,"95":0,"96":1,"97":1,"98":0,"99":0,"100":2,"101":2,"102":1,"103":1,"104":1,"105":0,"106":11,"107":1,"108":1,"109":0,"110":11,"111":11,"112":0,"113":0,"114":0,"115":11,"116":0,"117":0,"118":0,"119":11,"120":11,"121":1},"f":{"0":9,"1":9,"2":0,"3":0,"4":0,"5":2,"6":1,"7":1,"8":0,"9":0,"10":1,"11":2,"12":2,"13":1,"14":0,"15":11,"16":1,"17":11},"b":{"0":[9],"1":[9,9,9],"2":[9,9],"3":[0],"4":[0],"5":[0,0],"6":[0],"7":[0,0],"8":[0],"9":[0,0],"10":[0],"11":[0,0],"12":[0],"13":[2],"14":[2,0],"15":[1],"16":[0,0],"17":[1],"18":[1,0],"19":[0,0],"20":[0],"21":[0],"22":[0,0],"23":[0,0],"24":[0,0],"25":[0,0],"26":[0,0],"27":[0,0],"28":[0,0],"29":[0],"30":[2,0],"31":[0,2],"32":[1],"33":[0],"34":[0]}}
}
