TN:
SF:electron\types.ts
FNF:0
FNH:0
DA:30,2
DA:60,2
DA:72,2
LF:3
LH:3
BRF:0
BRH:0
end_of_record
TN:
SF:electron\services\cloud-asr.ts
FN:23,(anonymous_0)
FN:25,(anonymous_1)
FN:39,(anonymous_2)
FN:43,(anonymous_3)
FN:51,(anonymous_4)
FN:75,(anonymous_5)
FN:85,(anonymous_6)
FN:94,(anonymous_7)
FN:97,(anonymous_8)
FN:102,(anonymous_9)
FN:106,(anonymous_10)
FN:115,(anonymous_11)
FN:122,(anonymous_12)
FN:126,(anonymous_13)
FN:127,(anonymous_14)
FN:136,(anonymous_15)
FNF:16
FNH:12
FNDA:12,(anonymous_0)
FNDA:10,(anonymous_1)
FNDA:2,(anonymous_2)
FNDA:7,(anonymous_3)
FNDA:4,(anonymous_4)
FNDA:1,(anonymous_5)
FNDA:0,(anonymous_6)
FNDA:0,(anonymous_7)
FNDA:0,(anonymous_8)
FNDA:2,(anonymous_9)
FNDA:3,(anonymous_10)
FNDA:1,(anonymous_11)
FNDA:0,(anonymous_12)
FNDA:10,(anonymous_13)
FNDA:1,(anonymous_14)
FNDA:11,(anonymous_15)
DA:14,1
DA:15,12
DA:16,12
DA:17,12
DA:18,12
DA:19,12
DA:20,12
DA:21,12
DA:31,10
DA:32,10
DA:33,10
DA:34,10
DA:35,10
DA:36,10
DA:40,2
DA:44,7
DA:52,4
DA:54,1
DA:56,1
DA:57,1
DA:59,1
DA:61,0
DA:63,0
DA:66,0
DA:67,0
DA:68,0
DA:78,1
DA:79,1
DA:87,0
DA:88,0
DA:95,0
DA:97,0
DA:99,0
DA:103,2
DA:107,3
DA:116,1
DA:117,1
DA:119,1
DA:123,0
DA:127,10
DA:128,1
DA:129,1
DA:131,0
DA:137,11
DA:141,1
LF:45
LH:33
BRDA:33,0,0,10
BRDA:33,0,1,9
BRDA:34,1,0,10
BRDA:34,1,1,10
BRDA:44,2,0,7
BRDA:44,2,1,4
BRDA:44,2,2,4
BRDA:52,3,0,3
BRDA:52,4,0,4
BRDA:52,4,1,3
BRDA:57,5,0,1
BRDA:57,5,1,0
BRDA:57,5,2,0
BRDA:95,6,0,0
BRDA:116,7,0,1
BRF:15
BRH:12
end_of_record
TN:
SF:electron\services\hotword-manager.ts
FN:21,(anonymous_9)
FN:31,(anonymous_10)
FN:41,(anonymous_11)
FN:66,(anonymous_12)
FN:72,(anonymous_13)
FN:84,(anonymous_14)
FN:86,(anonymous_15)
FN:89,(anonymous_16)
FN:93,(anonymous_17)
FN:95,(anonymous_18)
FN:101,(anonymous_19)
FN:109,(anonymous_20)
FN:111,(anonymous_21)
FN:120,(anonymous_22)
FN:122,(anonymous_23)
FN:123,(anonymous_24)
FN:129,(anonymous_25)
FN:131,(anonymous_26)
FN:142,(anonymous_27)
FN:144,(anonymous_28)
FN:154,(anonymous_29)
FN:160,(anonymous_30)
FN:172,(anonymous_31)
FN:185,(anonymous_32)
FN:186,(anonymous_33)
FN:191,(anonymous_34)
FN:196,(anonymous_35)
FNF:27
FNH:25
FNDA:26,(anonymous_9)
FNDA:0,(anonymous_10)
FNDA:29,(anonymous_11)
FNDA:2,(anonymous_12)
FNDA:3,(anonymous_13)
FNDA:71,(anonymous_14)
FNDA:34,(anonymous_15)
FNDA:6,(anonymous_16)
FNDA:30,(anonymous_17)
FNDA:12,(anonymous_18)
FNDA:6,(anonymous_19)
FNDA:1,(anonymous_20)
FNDA:1,(anonymous_21)
FNDA:1,(anonymous_22)
FNDA:3,(anonymous_23)
FNDA:2,(anonymous_24)
FNDA:1,(anonymous_25)
FNDA:2,(anonymous_26)
FNDA:5,(anonymous_27)
FNDA:5,(anonymous_28)
FNDA:26,(anonymous_29)
FNDA:1,(anonymous_30)
FNDA:65,(anonymous_31)
FNDA:26,(anonymous_32)
FNDA:0,(anonymous_33)
FNDA:1,(anonymous_34)
FNDA:26,(anonymous_35)
DA:1,2
DA:2,2
DA:4,2
DA:16,2
DA:17,26
DA:18,26
DA:19,26
DA:22,26
DA:23,26
DA:24,25
DA:26,26
DA:27,26
DA:28,26
DA:32,0
DA:36,0
DA:43,29
DA:44,29
DA:45,1
DA:46,1
DA:47,1
DA:48,1
DA:49,1
DA:52,28
DA:61,28
DA:62,28
DA:63,28
DA:67,2
DA:68,2
DA:69,2
DA:73,3
DA:74,3
DA:76,2
DA:77,2
DA:78,2
DA:80,2
DA:81,2
DA:85,71
DA:86,34
DA:90,6
DA:94,30
DA:95,12
DA:102,6
DA:103,6
DA:104,6
DA:105,6
DA:110,1
DA:111,1
DA:121,1
DA:122,3
DA:123,2
DA:130,1
DA:131,1
DA:132,2
DA:133,1
DA:136,1
DA:143,5
DA:144,5
DA:145,5
DA:146,4
DA:149,5
DA:155,26
DA:156,26
DA:157,1
DA:158,1
DA:159,1
DA:160,1
DA:161,1
DA:162,1
DA:165,1
DA:168,0
DA:173,65
DA:174,65
DA:175,65
DA:176,65
DA:177,0
DA:179,65
DA:181,0
DA:186,26
DA:192,1
DA:193,1
DA:197,26
DA:198,26
DA:199,26
DA:201,26
LF:84
LH:79
BRDA:22,0,0,26
BRDA:22,0,1,0
BRDA:23,1,0,25
BRDA:32,2,0,0
BRDA:32,2,1,0
BRDA:33,3,0,0
BRDA:33,3,1,0
BRDA:41,4,0,1
BRDA:44,5,0,1
BRDA:46,6,0,0
BRDA:68,7,0,1
BRDA:74,8,0,1
BRDA:76,9,0,0
BRDA:77,10,0,1
BRDA:78,11,0,1
BRDA:103,12,0,6
BRDA:109,13,0,0
BRDA:132,14,0,1
BRDA:145,15,0,4
BRDA:145,16,0,5
BRDA:145,16,1,4
BRDA:156,17,0,1
BRDA:161,18,0,1
BRDA:161,19,0,1
BRDA:161,19,1,1
BRDA:176,20,0,0
BRDA:197,21,0,26
BRF:27
BRH:18
end_of_record
TN:
SF:electron\services\punctuation.ts
FN:12,(anonymous_0)
FN:42,(anonymous_1)
FN:59,(anonymous_2)
FN:99,(anonymous_3)
FN:106,(anonymous_4)
FN:128,(anonymous_5)
FN:138,(anonymous_6)
FN:145,(anonymous_7)
FN:153,(anonymous_8)
FN:163,(anonymous_9)
FN:185,(anonymous_10)
FN:203,(anonymous_11)
FNF:12
FNH:11
FNDA:5,(anonymous_0)
FNDA:5,(anonymous_1)
FNDA:40,(anonymous_2)
FNDA:38,(anonymous_3)
FNDA:372,(anonymous_4)
FNDA:3,(anonymous_5)
FNDA:3,(anonymous_6)
FNDA:0,(anonymous_7)
FNDA:2,(anonymous_8)
FNDA:781,(anonymous_9)
FNDA:35,(anonymous_10)
FNDA:35,(anonymous_11)
DA:12,2
DA:14,5
DA:17,5
DA:26,5
DA:34,5
DA:43,5
DA:45,5
DA:48,5
DA:51,5
DA:53,5
DA:60,40
DA:89,40
DA:90,1000
DA:93,40
DA:101,38
DA:102,9
DA:106,372
DA:112,29
DA:115,29
DA:116,6
DA:117,23
DA:118,3
DA:120,20
DA:129,3
DA:131,2
DA:134,2
DA:137,2
DA:138,3
DA:139,2
DA:142,2
DA:143,2
DA:144,2
DA:145,2
DA:147,2
DA:155,2
DA:156,2
DA:157,2
DA:159,2
DA:160,27
DA:163,781
DA:164,27
DA:166,1
DA:167,1
DA:168,1
DA:171,27
DA:174,2
DA:175,2
DA:178,2
DA:186,35
DA:191,35
DA:192,35
DA:195,35
DA:197,35
DA:204,35
DA:205,33
DA:206,33
DA:207,33
DA:208,33
DA:209,33
DA:214,2
LF:60
LH:60
BRDA:43,0,0,0
BRDA:43,1,0,5
BRDA:43,1,1,5
BRDA:101,2,0,9
BRDA:106,3,0,29
BRDA:106,3,1,26
BRDA:106,3,2,23
BRDA:106,3,3,23
BRDA:112,4,0,29
BRDA:112,4,1,26
BRDA:115,5,0,6
BRDA:115,5,1,23
BRDA:117,6,0,3
BRDA:117,6,1,20
BRDA:129,7,0,1
BRDA:129,8,0,3
BRDA:129,8,1,2
BRDA:164,9,0,1
BRDA:164,10,0,27
BRDA:164,10,1,1
BRDA:174,11,0,2
BRDA:178,12,0,2
BRDA:178,12,1,0
BRDA:204,13,0,2
BRF:24
BRH:22
end_of_record
TN:
SF:electron\services\vad-service.ts
FN:26,(anonymous_0)
FN:30,(anonymous_1)
FN:34,(anonymous_2)
FN:38,(anonymous_3)
FN:49,(anonymous_4)
FN:59,(anonymous_5)
FN:73,(anonymous_6)
FN:123,(anonymous_7)
FN:143,(anonymous_8)
FN:150,(anonymous_9)
FN:157,(anonymous_10)
FN:161,(anonymous_11)
FN:166,(anonymous_12)
FN:170,(anonymous_13)
FN:177,(anonymous_14)
FN:181,(anonymous_15)
FN:182,(anonymous_16)
FN:191,(anonymous_17)
FNF:18
FNH:16
FNDA:20,(anonymous_0)
FNDA:2,(anonymous_1)
FNDA:1,(anonymous_2)
FNDA:19,(anonymous_3)
FNDA:1,(anonymous_4)
FNDA:583,(anonymous_5)
FNDA:400,(anonymous_6)
FNDA:581,(anonymous_7)
FNDA:581,(anonymous_8)
FNDA:15,(anonymous_9)
FNDA:9,(anonymous_10)
FNDA:0,(anonymous_11)
FNDA:1,(anonymous_12)
FNDA:4,(anonymous_13)
FNDA:0,(anonymous_14)
FNDA:609,(anonymous_15)
FNDA:4,(anonymous_16)
FNDA:20,(anonymous_17)
DA:1,2
DA:12,2
DA:13,20
DA:14,20
DA:15,20
DA:16,20
DA:17,20
DA:18,20
DA:19,20
DA:22,20
DA:23,20
DA:24,20
DA:27,20
DA:31,2
DA:35,1
DA:39,19
DA:40,19
DA:41,19
DA:42,19
DA:43,19
DA:44,19
DA:45,19
DA:46,19
DA:50,1
DA:51,1
DA:60,583
DA:62,581
DA:63,581
DA:66,581
DA:69,581
DA:70,469
DA:71,469
DA:72,469
DA:73,400
DA:74,2
DA:78,112
DA:79,111
DA:83,581
DA:85,581
DA:87,557
DA:88,9
DA:89,9
DA:90,9
DA:91,9
DA:92,9
DA:94,557
DA:97,23
DA:98,9
DA:99,9
DA:100,14
DA:101,12
DA:102,4
DA:103,8
DA:104,4
DA:105,4
DA:108,23
DA:111,1
DA:112,1
DA:113,1
DA:114,1
DA:115,1
DA:117,1
DA:120,581
DA:124,581
DA:125,581
DA:127,581
DA:128,296960
DA:129,296960
DA:130,134563
DA:134,581
DA:135,581
DA:138,581
DA:140,581
DA:144,581
DA:145,581
DA:147,581
DA:151,15
DA:152,14
DA:153,14
DA:158,9
DA:162,0
DA:163,0
DA:167,1
DA:171,4
DA:172,4
DA:174,4
DA:178,0
DA:182,609
DA:183,4
DA:184,4
DA:186,0
DA:192,20
DA:193,20
LF:93
LH:89
BRDA:26,0,0,1
BRDA:60,1,0,2
BRDA:69,2,0,469
BRDA:69,2,1,112
BRDA:72,3,0,2
BRDA:78,4,0,111
BRDA:85,5,0,557
BRDA:85,5,1,23
BRDA:85,5,2,1
BRDA:87,6,0,9
BRDA:97,7,0,9
BRDA:97,7,1,14
BRDA:100,8,0,12
BRDA:101,9,0,4
BRDA:101,9,1,8
BRDA:103,10,0,4
BRDA:111,11,0,1
BRDA:129,12,0,134563
BRDA:129,13,0,296960
BRDA:129,13,1,296380
BRDA:138,14,0,526
BRDA:138,14,1,55
BRDA:151,15,0,14
BRDA:162,16,0,0
BRDA:171,17,0,4
BRF:25
BRH:24
end_of_record
TN:
SF:electron\services\vosk-service.ts
FN:32,(anonymous_9)
FN:38,(anonymous_10)
FN:52,(anonymous_11)
FN:75,(anonymous_12)
FN:94,(anonymous_13)
FN:114,(anonymous_14)
FN:123,(anonymous_15)
FN:140,(anonymous_16)
FN:165,(anonymous_17)
FN:174,(anonymous_18)
FN:183,(anonymous_19)
FN:191,(anonymous_20)
FN:199,(anonymous_21)
FN:207,(anonymous_22)
FN:214,(anonymous_23)
FN:218,(anonymous_24)
FN:219,(anonymous_25)
FN:228,(anonymous_26)
FNF:18
FNH:12
FNDA:9,(anonymous_9)
FNDA:9,(anonymous_10)
FNDA:0,(anonymous_11)
FNDA:0,(anonymous_12)
FNDA:0,(anonymous_13)
FNDA:2,(anonymous_14)
FNDA:1,(anonymous_15)
FNDA:1,(anonymous_16)
FNDA:0,(anonymous_17)
FNDA:0,(anonymous_18)
FNDA:1,(anonymous_19)
FNDA:2,(anonymous_20)
FNDA:2,(anonymous_21)
FNDA:1,(anonymous_22)
FNDA:0,(anonymous_23)
FNDA:11,(anonymous_24)
FNDA:1,(anonymous_25)
FNDA:11,(anonymous_26)
DA:1,1
DA:2,1
DA:19,1
DA:20,9
DA:21,9
DA:22,9
DA:23,9
DA:24,9
DA:25,9
DA:26,9
DA:27,9
DA:28,9
DA:29,9
DA:30,9
DA:33,9
DA:34,9
DA:35,9
DA:39,9
DA:40,9
DA:41,0
DA:42,0
DA:43,0
DA:45,9
DA:46,9
DA:47,9
DA:48,9
DA:53,0
DA:55,0
DA:56,0
DA:57,0
DA:58,0
DA:61,0
DA:62,0
DA:63,0
DA:64,0
DA:65,0
DA:66,0
DA:68,0
DA:69,0
DA:70,0
DA:71,0
DA:76,0
DA:83,0
DA:84,0
DA:85,0
DA:86,0
DA:87,0
DA:91,0
DA:95,0
DA:97,0
DA:98,0
DA:103,0
DA:104,0
DA:107,0
DA:108,0
DA:110,0
DA:115,2
DA:116,2
DA:117,2
DA:119,0
DA:120,0
DA:124,1
DA:125,1
DA:127,0
DA:128,0
DA:129,0
DA:131,0
DA:132,0
DA:133,0
DA:135,0
DA:136,0
DA:141,1
DA:143,0
DA:144,0
DA:145,0
DA:146,0
DA:147,0
DA:148,0
DA:149,0
DA:150,0
DA:153,0
DA:154,0
DA:155,0
DA:156,0
DA:157,0
DA:166,0
DA:167,0
DA:168,0
DA:170,0
DA:175,0
DA:176,0
DA:177,0
DA:179,0
DA:184,1
DA:185,1
DA:186,0
DA:187,0
DA:192,2
DA:200,2
DA:208,1
DA:209,1
DA:211,1
DA:215,0
DA:219,11
DA:220,1
DA:221,1
DA:223,0
DA:229,11
DA:230,11
DA:231,0
DA:232,0
DA:234,0
DA:236,11
DA:237,0
DA:238,0
DA:240,0
DA:242,11
DA:243,11
LF:118
LH:44
BRDA:32,0,0,9
BRDA:34,1,0,9
BRDA:34,1,1,9
BRDA:34,1,2,9
BRDA:35,2,0,9
BRDA:35,2,1,9
BRDA:53,3,0,0
BRDA:56,4,0,0
BRDA:80,5,0,0
BRDA:80,5,1,0
BRDA:84,6,0,0
BRDA:84,7,0,0
BRDA:84,7,1,0
BRDA:86,8,0,0
BRDA:86,9,0,0
BRDA:86,9,1,0
BRDA:95,10,0,0
BRDA:95,11,0,0
BRDA:95,11,1,0
BRDA:103,12,0,0
BRDA:115,13,0,2
BRDA:115,14,0,2
BRDA:115,14,1,0
BRDA:125,15,0,1
BRDA:133,16,0,0
BRDA:133,16,1,0
BRDA:141,17,0,1
BRDA:141,18,0,1
BRDA:141,18,1,0
BRDA:145,19,0,0
BRDA:145,19,1,0
BRDA:148,20,0,0
BRDA:155,21,0,0
BRDA:155,22,0,0
BRDA:155,22,1,0
BRDA:167,23,0,0
BRDA:167,23,1,0
BRDA:168,24,0,0
BRDA:168,24,1,0
BRDA:170,25,0,0
BRDA:170,25,1,0
BRDA:176,26,0,0
BRDA:176,26,1,0
BRDA:177,27,0,0
BRDA:177,27,1,0
BRDA:179,28,0,0
BRDA:179,28,1,0
BRDA:185,29,0,0
BRDA:192,30,0,2
BRDA:192,30,1,0
BRDA:201,31,0,0
BRDA:201,31,1,2
BRDA:208,32,0,1
BRDA:230,33,0,0
BRDA:236,34,0,0
BRF:55
BRH:14
end_of_record
